[2016-12-20 06:28:40] local.ERROR: Symfony\Component\Debug\Exception\FatalThrowableError: Parse error: syntax error, unexpected '}', expecting ';' in C:\xampp\htdocs\ecommerce\app\Http\Controllers\MainController.php:12
Stack trace:
#0 C:\xampp\htdocs\ecommerce\vendor\composer\ClassLoader.php(301): Composer\Autoload\includeFile('C:\\xampp\\htdocs...')
#1 [internal function]: Composer\Autoload\ClassLoader->loadClass('App\\Http\\Contro...')
#2 [internal function]: spl_autoload_call('App\\Http\\Contro...')
#3 C:\xampp\htdocs\ecommerce\vendor\laravel\framework\src\Illuminate\Container\Container.php(749): ReflectionClass->__construct('App\\Http\\Contro...')
#4 C:\xampp\htdocs\ecommerce\vendor\laravel\framework\src\Illuminate\Container\Container.php(644): Illuminate\Container\Container->build('App\\Http\\Contro...', Array)
#5 C:\xampp\htdocs\ecommerce\vendor\laravel\framework\src\Illuminate\Foundation\Application.php(709): Illuminate\Container\Container->make('App\\Http\\Contro...', Array)
#6 C:\xampp\htdocs\ecommerce\vendor\laravel\framework\src\Illuminate\Routing\Route.php(203): Illuminate\Foundation\Application->make('App\\Http\\Contro...')
#7 C:\xampp\htdocs\ecommerce\vendor\laravel\framework\src\Illuminate\Routing\Route.php(316): Illuminate\Routing\Route->getController()
#8 C:\xampp\htdocs\ecommerce\vendor\laravel\framework\src\Illuminate\Routing\Route.php(278): Illuminate\Routing\Route->controllerMiddleware()
#9 C:\xampp\htdocs\ecommerce\vendor\laravel\framework\src\Illuminate\Routing\Router.php(655): Illuminate\Routing\Route->gatherMiddleware()
#10 C:\xampp\htdocs\ecommerce\vendor\laravel\framework\src\Illuminate\Routing\Router.php(635): Illuminate\Routing\Router->gatherRouteMiddleware(Object(Illuminate\Routing\Route))
#11 C:\xampp\htdocs\ecommerce\vendor\laravel\framework\src\Illuminate\Routing\Router.php(618): Illuminate\Routing\Router->runRouteWithinStack(Object(Illuminate\Routing\Route), Object(Illuminate\Http\Request))
#12 C:\xampp\htdocs\ecommerce\vendor\laravel\framework\src\Illuminate\Routing\Router.php(596): Illuminate\Routing\Router->dispatchToRoute(Object(Illuminate\Http\Request))
#13 C:\xampp\htdocs\ecommerce\vendor\laravel\framework\src\Illuminate\Foundation\Http\Kernel.php(268): Illuminate\Routing\Router->dispatch(Object(Illuminate\Http\Request))
#14 C:\xampp\htdocs\ecommerce\vendor\laravel\framework\src\Illuminate\Routing\Pipeline.php(53): Illuminate\Foundation\Http\Kernel->Illuminate\Foundation\Http\{closure}(Object(Illuminate\Http\Request))
#15 C:\xampp\htdocs\ecommerce\vendor\laravel\framework\src\Illuminate\Foundation\Http\Middleware\CheckForMaintenanceMode.php(46): Illuminate\Routing\Pipeline->Illuminate\Routing\{closure}(Object(Illuminate\Http\Request))
#16 C:\xampp\htdocs\ecommerce\vendor\laravel\framework\src\Illuminate\Pipeline\Pipeline.php(137): Illuminate\Foundation\Http\Middleware\CheckForMaintenanceMode->handle(Object(Illuminate\Http\Request), Object(Closure))
#17 C:\xampp\htdocs\ecommerce\vendor\laravel\framework\src\Illuminate\Routing\Pipeline.php(33): Illuminate\Pipeline\Pipeline->Illuminate\Pipeline\{closure}(Object(Illuminate\Http\Request))
#18 C:\xampp\htdocs\ecommerce\vendor\laravel\framework\src\Illuminate\Pipeline\Pipeline.php(104): Illuminate\Routing\Pipeline->Illuminate\Routing\{closure}(Object(Illuminate\Http\Request))
#19 C:\xampp\htdocs\ecommerce\vendor\laravel\framework\src\Illuminate\Foundation\Http\Kernel.php(150): Illuminate\Pipeline\Pipeline->then(Object(Closure))
#20 C:\xampp\htdocs\ecommerce\vendor\laravel\framework\src\Illuminate\Foundation\Http\Kernel.php(117): Illuminate\Foundation\Http\Kernel->sendRequestThroughRouter(Object(Illuminate\Http\Request))
#21 C:\xampp\htdocs\ecommerce\public\index.php(53): Illuminate\Foundation\Http\Kernel->handle(Object(Illuminate\Http\Request))
#22 {main}  
[2016-12-20 06:28:41] local.ERROR: Symfony\Component\Debug\Exception\FatalThrowableError: Parse error: syntax error, unexpected '}', expecting ';' in C:\xampp\htdocs\ecommerce\app\Http\Controllers\MainController.php:12
Stack trace:
#0 C:\xampp\htdocs\ecommerce\vendor\composer\ClassLoader.php(301): Composer\Autoload\includeFile('C:\\xampp\\htdocs...')
#1 [internal function]: Composer\Autoload\ClassLoader->loadClass('App\\Http\\Contro...')
#2 [internal function]: spl_autoload_call('App\\Http\\Contro...')
#3 C:\xampp\htdocs\ecommerce\vendor\laravel\framework\src\Illuminate\Container\Container.php(749): ReflectionClass->__construct('App\\Http\\Contro...')
#4 C:\xampp\htdocs\ecommerce\vendor\laravel\framework\src\Illuminate\Container\Container.php(644): Illuminate\Container\Container->build('App\\Http\\Contro...', Array)
#5 C:\xampp\htdocs\ecommerce\vendor\laravel\framework\src\Illuminate\Foundation\Application.php(709): Illuminate\Container\Container->make('App\\Http\\Contro...', Array)
#6 C:\xampp\htdocs\ecommerce\vendor\laravel\framework\src\Illuminate\Routing\Route.php(203): Illuminate\Foundation\Application->make('App\\Http\\Contro...')
#7 C:\xampp\htdocs\ecommerce\vendor\laravel\framework\src\Illuminate\Routing\Route.php(316): Illuminate\Routing\Route->getController()
#8 C:\xampp\htdocs\ecommerce\vendor\laravel\framework\src\Illuminate\Routing\Route.php(278): Illuminate\Routing\Route->controllerMiddleware()
#9 C:\xampp\htdocs\ecommerce\vendor\laravel\framework\src\Illuminate\Routing\Router.php(655): Illuminate\Routing\Route->gatherMiddleware()
#10 C:\xampp\htdocs\ecommerce\vendor\laravel\framework\src\Illuminate\Foundation\Http\Kernel.php(193): Illuminate\Routing\Router->gatherRouteMiddleware(Object(Illuminate\Routing\Route))
#11 C:\xampp\htdocs\ecommerce\vendor\laravel\framework\src\Illuminate\Foundation\Http\Kernel.php(163): Illuminate\Foundation\Http\Kernel->gatherRouteMiddleware(Object(Illuminate\Http\Request))
#12 C:\xampp\htdocs\ecommerce\public\index.php(58): Illuminate\Foundation\Http\Kernel->terminate(Object(Illuminate\Http\Request), Object(Illuminate\Http\Response))
#13 {main}  
[2016-12-20 06:29:04] local.ERROR: Symfony\Component\Debug\Exception\FatalThrowableError: Parse error: syntax error, unexpected '}', expecting ';' in C:\xampp\htdocs\ecommerce\app\Http\Controllers\MainController.php:12
Stack trace:
#0 C:\xampp\htdocs\ecommerce\vendor\composer\ClassLoader.php(301): Composer\Autoload\includeFile('C:\\xampp\\htdocs...')
#1 [internal function]: Composer\Autoload\ClassLoader->loadClass('App\\Http\\Contro...')
#2 [internal function]: spl_autoload_call('App\\Http\\Contro...')
#3 C:\xampp\htdocs\ecommerce\vendor\laravel\framework\src\Illuminate\Container\Container.php(749): ReflectionClass->__construct('App\\Http\\Contro...')
#4 C:\xampp\htdocs\ecommerce\vendor\laravel\framework\src\Illuminate\Container\Container.php(644): Illuminate\Container\Container->build('App\\Http\\Contro...', Array)
#5 C:\xampp\htdocs\ecommerce\vendor\laravel\framework\src\Illuminate\Foundation\Application.php(709): Illuminate\Container\Container->make('App\\Http\\Contro...', Array)
#6 C:\xampp\htdocs\ecommerce\vendor\laravel\framework\src\Illuminate\Routing\Route.php(203): Illuminate\Foundation\Application->make('App\\Http\\Contro...')
#7 C:\xampp\htdocs\ecommerce\vendor\laravel\framework\src\Illuminate\Routing\Route.php(316): Illuminate\Routing\Route->getController()
#8 C:\xampp\htdocs\ecommerce\vendor\laravel\framework\src\Illuminate\Routing\Route.php(278): Illuminate\Routing\Route->controllerMiddleware()
#9 C:\xampp\htdocs\ecommerce\vendor\laravel\framework\src\Illuminate\Routing\Router.php(655): Illuminate\Routing\Route->gatherMiddleware()
#10 C:\xampp\htdocs\ecommerce\vendor\laravel\framework\src\Illuminate\Routing\Router.php(635): Illuminate\Routing\Router->gatherRouteMiddleware(Object(Illuminate\Routing\Route))
#11 C:\xampp\htdocs\ecommerce\vendor\laravel\framework\src\Illuminate\Routing\Router.php(618): Illuminate\Routing\Router->runRouteWithinStack(Object(Illuminate\Routing\Route), Object(Illuminate\Http\Request))
#12 C:\xampp\htdocs\ecommerce\vendor\laravel\framework\src\Illuminate\Routing\Router.php(596): Illuminate\Routing\Router->dispatchToRoute(Object(Illuminate\Http\Request))
#13 C:\xampp\htdocs\ecommerce\vendor\laravel\framework\src\Illuminate\Foundation\Http\Kernel.php(268): Illuminate\Routing\Router->dispatch(Object(Illuminate\Http\Request))
#14 C:\xampp\htdocs\ecommerce\vendor\laravel\framework\src\Illuminate\Routing\Pipeline.php(53): Illuminate\Foundation\Http\Kernel->Illuminate\Foundation\Http\{closure}(Object(Illuminate\Http\Request))
#15 C:\xampp\htdocs\ecommerce\vendor\laravel\framework\src\Illuminate\Foundation\Http\Middleware\CheckForMaintenanceMode.php(46): Illuminate\Routing\Pipeline->Illuminate\Routing\{closure}(Object(Illuminate\Http\Request))
#16 C:\xampp\htdocs\ecommerce\vendor\laravel\framework\src\Illuminate\Pipeline\Pipeline.php(137): Illuminate\Foundation\Http\Middleware\CheckForMaintenanceMode->handle(Object(Illuminate\Http\Request), Object(Closure))
#17 C:\xampp\htdocs\ecommerce\vendor\laravel\framework\src\Illuminate\Routing\Pipeline.php(33): Illuminate\Pipeline\Pipeline->Illuminate\Pipeline\{closure}(Object(Illuminate\Http\Request))
#18 C:\xampp\htdocs\ecommerce\vendor\laravel\framework\src\Illuminate\Pipeline\Pipeline.php(104): Illuminate\Routing\Pipeline->Illuminate\Routing\{closure}(Object(Illuminate\Http\Request))
#19 C:\xampp\htdocs\ecommerce\vendor\laravel\framework\src\Illuminate\Foundation\Http\Kernel.php(150): Illuminate\Pipeline\Pipeline->then(Object(Closure))
#20 C:\xampp\htdocs\ecommerce\vendor\laravel\framework\src\Illuminate\Foundation\Http\Kernel.php(117): Illuminate\Foundation\Http\Kernel->sendRequestThroughRouter(Object(Illuminate\Http\Request))
#21 C:\xampp\htdocs\ecommerce\public\index.php(53): Illuminate\Foundation\Http\Kernel->handle(Object(Illuminate\Http\Request))
#22 {main}  
[2016-12-20 06:29:04] local.ERROR: Symfony\Component\Debug\Exception\FatalThrowableError: Parse error: syntax error, unexpected '}', expecting ';' in C:\xampp\htdocs\ecommerce\app\Http\Controllers\MainController.php:12
Stack trace:
#0 C:\xampp\htdocs\ecommerce\vendor\composer\ClassLoader.php(301): Composer\Autoload\includeFile('C:\\xampp\\htdocs...')
#1 [internal function]: Composer\Autoload\ClassLoader->loadClass('App\\Http\\Contro...')
#2 [internal function]: spl_autoload_call('App\\Http\\Contro...')
#3 C:\xampp\htdocs\ecommerce\vendor\laravel\framework\src\Illuminate\Container\Container.php(749): ReflectionClass->__construct('App\\Http\\Contro...')
#4 C:\xampp\htdocs\ecommerce\vendor\laravel\framework\src\Illuminate\Container\Container.php(644): Illuminate\Container\Container->build('App\\Http\\Contro...', Array)
#5 C:\xampp\htdocs\ecommerce\vendor\laravel\framework\src\Illuminate\Foundation\Application.php(709): Illuminate\Container\Container->make('App\\Http\\Contro...', Array)
#6 C:\xampp\htdocs\ecommerce\vendor\laravel\framework\src\Illuminate\Routing\Route.php(203): Illuminate\Foundation\Application->make('App\\Http\\Contro...')
#7 C:\xampp\htdocs\ecommerce\vendor\laravel\framework\src\Illuminate\Routing\Route.php(316): Illuminate\Routing\Route->getController()
#8 C:\xampp\htdocs\ecommerce\vendor\laravel\framework\src\Illuminate\Routing\Route.php(278): Illuminate\Routing\Route->controllerMiddleware()
#9 C:\xampp\htdocs\ecommerce\vendor\laravel\framework\src\Illuminate\Routing\Router.php(655): Illuminate\Routing\Route->gatherMiddleware()
#10 C:\xampp\htdocs\ecommerce\vendor\laravel\framework\src\Illuminate\Foundation\Http\Kernel.php(193): Illuminate\Routing\Router->gatherRouteMiddleware(Object(Illuminate\Routing\Route))
#11 C:\xampp\htdocs\ecommerce\vendor\laravel\framework\src\Illuminate\Foundation\Http\Kernel.php(163): Illuminate\Foundation\Http\Kernel->gatherRouteMiddleware(Object(Illuminate\Http\Request))
#12 C:\xampp\htdocs\ecommerce\public\index.php(58): Illuminate\Foundation\Http\Kernel->terminate(Object(Illuminate\Http\Request), Object(Illuminate\Http\Response))
#13 {main}  
[2016-12-20 06:29:06] local.ERROR: Symfony\Component\Debug\Exception\FatalThrowableError: Parse error: syntax error, unexpected '}', expecting ';' in C:\xampp\htdocs\ecommerce\app\Http\Controllers\MainController.php:12
Stack trace:
#0 C:\xampp\htdocs\ecommerce\vendor\composer\ClassLoader.php(301): Composer\Autoload\includeFile('C:\\xampp\\htdocs...')
#1 [internal function]: Composer\Autoload\ClassLoader->loadClass('App\\Http\\Contro...')
#2 [internal function]: spl_autoload_call('App\\Http\\Contro...')
#3 C:\xampp\htdocs\ecommerce\vendor\laravel\framework\src\Illuminate\Container\Container.php(749): ReflectionClass->__construct('App\\Http\\Contro...')
#4 C:\xampp\htdocs\ecommerce\vendor\laravel\framework\src\Illuminate\Container\Container.php(644): Illuminate\Container\Container->build('App\\Http\\Contro...', Array)
#5 C:\xampp\htdocs\ecommerce\vendor\laravel\framework\src\Illuminate\Foundation\Application.php(709): Illuminate\Container\Container->make('App\\Http\\Contro...', Array)
#6 C:\xampp\htdocs\ecommerce\vendor\laravel\framework\src\Illuminate\Routing\Route.php(203): Illuminate\Foundation\Application->make('App\\Http\\Contro...')
#7 C:\xampp\htdocs\ecommerce\vendor\laravel\framework\src\Illuminate\Routing\Route.php(316): Illuminate\Routing\Route->getController()
#8 C:\xampp\htdocs\ecommerce\vendor\laravel\framework\src\Illuminate\Routing\Route.php(278): Illuminate\Routing\Route->controllerMiddleware()
#9 C:\xampp\htdocs\ecommerce\vendor\laravel\framework\src\Illuminate\Routing\Router.php(655): Illuminate\Routing\Route->gatherMiddleware()
#10 C:\xampp\htdocs\ecommerce\vendor\laravel\framework\src\Illuminate\Routing\Router.php(635): Illuminate\Routing\Router->gatherRouteMiddleware(Object(Illuminate\Routing\Route))
#11 C:\xampp\htdocs\ecommerce\vendor\laravel\framework\src\Illuminate\Routing\Router.php(618): Illuminate\Routing\Router->runRouteWithinStack(Object(Illuminate\Routing\Route), Object(Illuminate\Http\Request))
#12 C:\xampp\htdocs\ecommerce\vendor\laravel\framework\src\Illuminate\Routing\Router.php(596): Illuminate\Routing\Router->dispatchToRoute(Object(Illuminate\Http\Request))
#13 C:\xampp\htdocs\ecommerce\vendor\laravel\framework\src\Illuminate\Foundation\Http\Kernel.php(268): Illuminate\Routing\Router->dispatch(Object(Illuminate\Http\Request))
#14 C:\xampp\htdocs\ecommerce\vendor\laravel\framework\src\Illuminate\Routing\Pipeline.php(53): Illuminate\Foundation\Http\Kernel->Illuminate\Foundation\Http\{closure}(Object(Illuminate\Http\Request))
#15 C:\xampp\htdocs\ecommerce\vendor\laravel\framework\src\Illuminate\Foundation\Http\Middleware\CheckForMaintenanceMode.php(46): Illuminate\Routing\Pipeline->Illuminate\Routing\{closure}(Object(Illuminate\Http\Request))
#16 C:\xampp\htdocs\ecommerce\vendor\laravel\framework\src\Illuminate\Pipeline\Pipeline.php(137): Illuminate\Foundation\Http\Middleware\CheckForMaintenanceMode->handle(Object(Illuminate\Http\Request), Object(Closure))
#17 C:\xampp\htdocs\ecommerce\vendor\laravel\framework\src\Illuminate\Routing\Pipeline.php(33): Illuminate\Pipeline\Pipeline->Illuminate\Pipeline\{closure}(Object(Illuminate\Http\Request))
#18 C:\xampp\htdocs\ecommerce\vendor\laravel\framework\src\Illuminate\Pipeline\Pipeline.php(104): Illuminate\Routing\Pipeline->Illuminate\Routing\{closure}(Object(Illuminate\Http\Request))
#19 C:\xampp\htdocs\ecommerce\vendor\laravel\framework\src\Illuminate\Foundation\Http\Kernel.php(150): Illuminate\Pipeline\Pipeline->then(Object(Closure))
#20 C:\xampp\htdocs\ecommerce\vendor\laravel\framework\src\Illuminate\Foundation\Http\Kernel.php(117): Illuminate\Foundation\Http\Kernel->sendRequestThroughRouter(Object(Illuminate\Http\Request))
#21 C:\xampp\htdocs\ecommerce\public\index.php(53): Illuminate\Foundation\Http\Kernel->handle(Object(Illuminate\Http\Request))
#22 {main}  
[2016-12-20 06:29:06] local.ERROR: Symfony\Component\Debug\Exception\FatalThrowableError: Parse error: syntax error, unexpected '}', expecting ';' in C:\xampp\htdocs\ecommerce\app\Http\Controllers\MainController.php:12
Stack trace:
#0 C:\xampp\htdocs\ecommerce\vendor\composer\ClassLoader.php(301): Composer\Autoload\includeFile('C:\\xampp\\htdocs...')
#1 [internal function]: Composer\Autoload\ClassLoader->loadClass('App\\Http\\Contro...')
#2 [internal function]: spl_autoload_call('App\\Http\\Contro...')
#3 C:\xampp\htdocs\ecommerce\vendor\laravel\framework\src\Illuminate\Container\Container.php(749): ReflectionClass->__construct('App\\Http\\Contro...')
#4 C:\xampp\htdocs\ecommerce\vendor\laravel\framework\src\Illuminate\Container\Container.php(644): Illuminate\Container\Container->build('App\\Http\\Contro...', Array)
#5 C:\xampp\htdocs\ecommerce\vendor\laravel\framework\src\Illuminate\Foundation\Application.php(709): Illuminate\Container\Container->make('App\\Http\\Contro...', Array)
#6 C:\xampp\htdocs\ecommerce\vendor\laravel\framework\src\Illuminate\Routing\Route.php(203): Illuminate\Foundation\Application->make('App\\Http\\Contro...')
#7 C:\xampp\htdocs\ecommerce\vendor\laravel\framework\src\Illuminate\Routing\Route.php(316): Illuminate\Routing\Route->getController()
#8 C:\xampp\htdocs\ecommerce\vendor\laravel\framework\src\Illuminate\Routing\Route.php(278): Illuminate\Routing\Route->controllerMiddleware()
#9 C:\xampp\htdocs\ecommerce\vendor\laravel\framework\src\Illuminate\Routing\Router.php(655): Illuminate\Routing\Route->gatherMiddleware()
#10 C:\xampp\htdocs\ecommerce\vendor\laravel\framework\src\Illuminate\Foundation\Http\Kernel.php(193): Illuminate\Routing\Router->gatherRouteMiddleware(Object(Illuminate\Routing\Route))
#11 C:\xampp\htdocs\ecommerce\vendor\laravel\framework\src\Illuminate\Foundation\Http\Kernel.php(163): Illuminate\Foundation\Http\Kernel->gatherRouteMiddleware(Object(Illuminate\Http\Request))
#12 C:\xampp\htdocs\ecommerce\public\index.php(58): Illuminate\Foundation\Http\Kernel->terminate(Object(Illuminate\Http\Request), Object(Illuminate\Http\Response))
#13 {main}  
[2016-12-26 01:49:37] local.ERROR: Symfony\Component\Debug\Exception\FatalThrowableError: Parse error: syntax error, unexpected '}' in C:\xampp\htdocs\ecommerce\database\migrations\2016_12_26_012900_create_products_table.php:26
Stack trace:
#0 C:\xampp\htdocs\ecommerce\vendor\laravel\framework\src\Illuminate\Database\Migrations\Migrator.php(318): Illuminate\Filesystem\Filesystem->requireOnce('C:\\xampp\\htdocs...')
#1 C:\xampp\htdocs\ecommerce\vendor\laravel\framework\src\Illuminate\Database\Migrations\Migrator.php(95): Illuminate\Database\Migrations\Migrator->requireFiles(Array)
#2 C:\xampp\htdocs\ecommerce\vendor\laravel\framework\src\Illuminate\Database\Console\Migrations\MigrateCommand.php(65): Illuminate\Database\Migrations\Migrator->run(Array, Array)
#3 [internal function]: Illuminate\Database\Console\Migrations\MigrateCommand->fire()
#4 C:\xampp\htdocs\ecommerce\vendor\laravel\framework\src\Illuminate\Container\Container.php(508): call_user_func_array(Array, Array)
#5 C:\xampp\htdocs\ecommerce\vendor\laravel\framework\src\Illuminate\Console\Command.php(169): Illuminate\Container\Container->call(Array)
#6 C:\xampp\htdocs\ecommerce\vendor\symfony\console\Command\Command.php(254): Illuminate\Console\Command->execute(Object(Symfony\Component\Console\Input\ArgvInput), Object(Symfony\Component\Console\Output\ConsoleOutput))
#7 C:\xampp\htdocs\ecommerce\vendor\laravel\framework\src\Illuminate\Console\Command.php(155): Symfony\Component\Console\Command\Command->run(Object(Symfony\Component\Console\Input\ArgvInput), Object(Symfony\Component\Console\Output\ConsoleOutput))
#8 C:\xampp\htdocs\ecommerce\vendor\symfony\console\Application.php(821): Illuminate\Console\Command->run(Object(Symfony\Component\Console\Input\ArgvInput), Object(Symfony\Component\Console\Output\ConsoleOutput))
#9 C:\xampp\htdocs\ecommerce\vendor\symfony\console\Application.php(187): Symfony\Component\Console\Application->doRunCommand(Object(Illuminate\Database\Console\Migrations\MigrateCommand), Object(Symfony\Component\Console\Input\ArgvInput), Object(Symfony\Component\Console\Output\ConsoleOutput))
#10 C:\xampp\htdocs\ecommerce\vendor\symfony\console\Application.php(118): Symfony\Component\Console\Application->doRun(Object(Symfony\Component\Console\Input\ArgvInput), Object(Symfony\Component\Console\Output\ConsoleOutput))
#11 C:\xampp\htdocs\ecommerce\vendor\laravel\framework\src\Illuminate\Foundation\Console\Kernel.php(121): Symfony\Component\Console\Application->run(Object(Symfony\Component\Console\Input\ArgvInput), Object(Symfony\Component\Console\Output\ConsoleOutput))
#12 C:\xampp\htdocs\ecommerce\artisan(35): Illuminate\Foundation\Console\Kernel->handle(Object(Symfony\Component\Console\Input\ArgvInput), Object(Symfony\Component\Console\Output\ConsoleOutput))
#13 {main}  
[2017-04-08 22:33:29] local.ERROR: Symfony\Component\Debug\Exception\FatalThrowableError: Parse error: syntax error, unexpected '=', expecting ']' in C:\xampp\htdocs\ecommerce\storage\framework\views\1eef8899cec0017beae85650ce56c41456e2a810.php:7
Stack trace:
#0 C:\xampp\htdocs\ecommerce\vendor\laravel\framework\src\Illuminate\View\Engines\CompilerEngine.php(59): Illuminate\View\Engines\PhpEngine->evaluatePath('C:\\xampp\\htdocs...', Array)
#1 C:\xampp\htdocs\ecommerce\vendor\laravel\framework\src\Illuminate\View\View.php(149): Illuminate\View\Engines\CompilerEngine->get('C:\\xampp\\htdocs...', Array)
#2 C:\xampp\htdocs\ecommerce\vendor\laravel\framework\src\Illuminate\View\View.php(120): Illuminate\View\View->getContents()
#3 C:\xampp\htdocs\ecommerce\vendor\laravel\framework\src\Illuminate\View\View.php(85): Illuminate\View\View->renderContents()
#4 C:\xampp\htdocs\ecommerce\vendor\laravel\framework\src\Illuminate\Http\Response.php(45): Illuminate\View\View->render()
#5 C:\xampp\htdocs\ecommerce\vendor\symfony\http-foundation\Response.php(201): Illuminate\Http\Response->setContent(Object(Illuminate\View\View))
#6 C:\xampp\htdocs\ecommerce\vendor\laravel\framework\src\Illuminate\Routing\Router.php(1028): Symfony\Component\HttpFoundation\Response->__construct(Object(Illuminate\View\View))
#7 C:\xampp\htdocs\ecommerce\vendor\laravel\framework\src\Illuminate\Routing\Router.php(653): Illuminate\Routing\Router->prepareResponse(Object(Illuminate\Http\Request), Object(Illuminate\View\View))
#8 C:\xampp\htdocs\ecommerce\vendor\laravel\framework\src\Illuminate\Routing\Pipeline.php(53): Illuminate\Routing\Router->Illuminate\Routing\{closure}(Object(Illuminate\Http\Request))
#9 C:\xampp\htdocs\ecommerce\vendor\laravel\framework\src\Illuminate\Routing\Middleware\SubstituteBindings.php(41): Illuminate\Routing\Pipeline->Illuminate\Routing\{closure}(Object(Illuminate\Http\Request))
#10 C:\xampp\htdocs\ecommerce\vendor\laravel\framework\src\Illuminate\Pipeline\Pipeline.php(137): Illuminate\Routing\Middleware\SubstituteBindings->handle(Object(Illuminate\Http\Request), Object(Closure))
#11 C:\xampp\htdocs\ecommerce\vendor\laravel\framework\src\Illuminate\Routing\Pipeline.php(33): Illuminate\Pipeline\Pipeline->Illuminate\Pipeline\{closure}(Object(Illuminate\Http\Request))
#12 C:\xampp\htdocs\ecommerce\vendor\laravel\framework\src\Illuminate\Foundation\Http\Middleware\VerifyCsrfToken.php(65): Illuminate\Routing\Pipeline->Illuminate\Routing\{closure}(Object(Illuminate\Http\Request))
#13 C:\xampp\htdocs\ecommerce\vendor\laravel\framework\src\Illuminate\Pipeline\Pipeline.php(137): Illuminate\Foundation\Http\Middleware\VerifyCsrfToken->handle(Object(Illuminate\Http\Request), Object(Closure))
#14 C:\xampp\htdocs\ecommerce\vendor\laravel\framework\src\Illuminate\Routing\Pipeline.php(33): Illuminate\Pipeline\Pipeline->Illuminate\Pipeline\{closure}(Object(Illuminate\Http\Request))
#15 C:\xampp\htdocs\ecommerce\vendor\laravel\framework\src\Illuminate\View\Middleware\ShareErrorsFromSession.php(49): Illuminate\Routing\Pipeline->Illuminate\Routing\{closure}(Object(Illuminate\Http\Request))
#16 C:\xampp\htdocs\ecommerce\vendor\laravel\framework\src\Illuminate\Pipeline\Pipeline.php(137): Illuminate\View\Middleware\ShareErrorsFromSession->handle(Object(Illuminate\Http\Request), Object(Closure))
#17 C:\xampp\htdocs\ecommerce\vendor\laravel\framework\src\Illuminate\Routing\Pipeline.php(33): Illuminate\Pipeline\Pipeline->Illuminate\Pipeline\{closure}(Object(Illuminate\Http\Request))
#18 C:\xampp\htdocs\ecommerce\vendor\laravel\framework\src\Illuminate\Session\Middleware\StartSession.php(64): Illuminate\Routing\Pipeline->Illuminate\Routing\{closure}(Object(Illuminate\Http\Request))
#19 C:\xampp\htdocs\ecommerce\vendor\laravel\framework\src\Illuminate\Pipeline\Pipeline.php(137): Illuminate\Session\Middleware\StartSession->handle(Object(Illuminate\Http\Request), Object(Closure))
#20 C:\xampp\htdocs\ecommerce\vendor\laravel\framework\src\Illuminate\Routing\Pipeline.php(33): Illuminate\Pipeline\Pipeline->Illuminate\Pipeline\{closure}(Object(Illuminate\Http\Request))
#21 C:\xampp\htdocs\ecommerce\vendor\laravel\framework\src\Illuminate\Cookie\Middleware\AddQueuedCookiesToResponse.php(37): Illuminate\Routing\Pipeline->Illuminate\Routing\{closure}(Object(Illuminate\Http\Request))
#22 C:\xampp\htdocs\ecommerce\vendor\laravel\framework\src\Illuminate\Pipeline\Pipeline.php(137): Illuminate\Cookie\Middleware\AddQueuedCookiesToResponse->handle(Object(Illuminate\Http\Request), Object(Closure))
#23 C:\xampp\htdocs\ecommerce\vendor\laravel\framework\src\Illuminate\Routing\Pipeline.php(33): Illuminate\Pipeline\Pipeline->Illuminate\Pipeline\{closure}(Object(Illuminate\Http\Request))
#24 C:\xampp\htdocs\ecommerce\vendor\laravel\framework\src\Illuminate\Cookie\Middleware\EncryptCookies.php(59): Illuminate\Routing\Pipeline->Illuminate\Routing\{closure}(Object(Illuminate\Http\Request))
#25 C:\xampp\htdocs\ecommerce\vendor\laravel\framework\src\Illuminate\Pipeline\Pipeline.php(137): Illuminate\Cookie\Middleware\EncryptCookies->handle(Object(Illuminate\Http\Request), Object(Closure))
#26 C:\xampp\htdocs\ecommerce\vendor\laravel\framework\src\Illuminate\Routing\Pipeline.php(33): Illuminate\Pipeline\Pipeline->Illuminate\Pipeline\{closure}(Object(Illuminate\Http\Request))
#27 C:\xampp\htdocs\ecommerce\vendor\laravel\framework\src\Illuminate\Pipeline\Pipeline.php(104): Illuminate\Routing\Pipeline->Illuminate\Routing\{closure}(Object(Illuminate\Http\Request))
#28 C:\xampp\htdocs\ecommerce\vendor\laravel\framework\src\Illuminate\Routing\Router.php(655): Illuminate\Pipeline\Pipeline->then(Object(Closure))
#29 C:\xampp\htdocs\ecommerce\vendor\laravel\framework\src\Illuminate\Routing\Router.php(629): Illuminate\Routing\Router->runRouteWithinStack(Object(Illuminate\Routing\Route), Object(Illuminate\Http\Request))
#30 C:\xampp\htdocs\ecommerce\vendor\laravel\framework\src\Illuminate\Routing\Router.php(607): Illuminate\Routing\Router->dispatchToRoute(Object(Illuminate\Http\Request))
#31 C:\xampp\htdocs\ecommerce\vendor\laravel\framework\src\Illuminate\Foundation\Http\Kernel.php(268): Illuminate\Routing\Router->dispatch(Object(Illuminate\Http\Request))
#32 C:\xampp\htdocs\ecommerce\vendor\laravel\framework\src\Illuminate\Routing\Pipeline.php(53): Illuminate\Foundation\Http\Kernel->Illuminate\Foundation\Http\{closure}(Object(Illuminate\Http\Request))
#33 C:\xampp\htdocs\ecommerce\vendor\laravel\framework\src\Illuminate\Foundation\Http\Middleware\CheckForMaintenanceMode.php(46): Illuminate\Routing\Pipeline->Illuminate\Routing\{closure}(Object(Illuminate\Http\Request))
#34 C:\xampp\htdocs\ecommerce\vendor\laravel\framework\src\Illuminate\Pipeline\Pipeline.php(137): Illuminate\Foundation\Http\Middleware\CheckForMaintenanceMode->handle(Object(Illuminate\Http\Request), Object(Closure))
#35 C:\xampp\htdocs\ecommerce\vendor\laravel\framework\src\Illuminate\Routing\Pipeline.php(33): Illuminate\Pipeline\Pipeline->Illuminate\Pipeline\{closure}(Object(Illuminate\Http\Request))
#36 C:\xampp\htdocs\ecommerce\vendor\laravel\framework\src\Illuminate\Pipeline\Pipeline.php(104): Illuminate\Routing\Pipeline->Illuminate\Routing\{closure}(Object(Illuminate\Http\Request))
#37 C:\xampp\htdocs\ecommerce\vendor\laravel\framework\src\Illuminate\Foundation\Http\Kernel.php(150): Illuminate\Pipeline\Pipeline->then(Object(Closure))
#38 C:\xampp\htdocs\ecommerce\vendor\laravel\framework\src\Illuminate\Foundation\Http\Kernel.php(117): Illuminate\Foundation\Http\Kernel->sendRequestThroughRouter(Object(Illuminate\Http\Request))
#39 C:\xampp\htdocs\ecommerce\public\index.php(53): Illuminate\Foundation\Http\Kernel->handle(Object(Illuminate\Http\Request))
#40 {main}

Next ErrorException: Parse error: syntax error, unexpected '=', expecting ']' (View: C:\xampp\htdocs\ecommerce\resources\views\products\create.blade.php) in C:\xampp\htdocs\ecommerce\storage\framework\views\1eef8899cec0017beae85650ce56c41456e2a810.php:7
Stack trace:
#0 C:\xampp\htdocs\ecommerce\vendor\laravel\framework\src\Illuminate\View\Engines\PhpEngine.php(46): Illuminate\View\Engines\CompilerEngine->handleViewException(Object(Symfony\Component\Debug\Exception\FatalThrowableError), 1)
#1 C:\xampp\htdocs\ecommerce\vendor\laravel\framework\src\Illuminate\View\Engines\CompilerEngine.php(59): Illuminate\View\Engines\PhpEngine->evaluatePath('C:\\xampp\\htdocs...', Array)
#2 C:\xampp\htdocs\ecommerce\vendor\laravel\framework\src\Illuminate\View\View.php(149): Illuminate\View\Engines\CompilerEngine->get('C:\\xampp\\htdocs...', Array)
#3 C:\xampp\htdocs\ecommerce\vendor\laravel\framework\src\Illuminate\View\View.php(120): Illuminate\View\View->getContents()
#4 C:\xampp\htdocs\ecommerce\vendor\laravel\framework\src\Illuminate\View\View.php(85): Illuminate\View\View->renderContents()
#5 C:\xampp\htdocs\ecommerce\vendor\laravel\framework\src\Illuminate\Http\Response.php(45): Illuminate\View\View->render()
#6 C:\xampp\htdocs\ecommerce\vendor\symfony\http-foundation\Response.php(201): Illuminate\Http\Response->setContent(Object(Illuminate\View\View))
#7 C:\xampp\htdocs\ecommerce\vendor\laravel\framework\src\Illuminate\Routing\Router.php(1028): Symfony\Component\HttpFoundation\Response->__construct(Object(Illuminate\View\View))
#8 C:\xampp\htdocs\ecommerce\vendor\laravel\framework\src\Illuminate\Routing\Router.php(653): Illuminate\Routing\Router->prepareResponse(Object(Illuminate\Http\Request), Object(Illuminate\View\View))
#9 C:\xampp\htdocs\ecommerce\vendor\laravel\framework\src\Illuminate\Routing\Pipeline.php(53): Illuminate\Routing\Router->Illuminate\Routing\{closure}(Object(Illuminate\Http\Request))
#10 C:\xampp\htdocs\ecommerce\vendor\laravel\framework\src\Illuminate\Routing\Middleware\SubstituteBindings.php(41): Illuminate\Routing\Pipeline->Illuminate\Routing\{closure}(Object(Illuminate\Http\Request))
#11 C:\xampp\htdocs\ecommerce\vendor\laravel\framework\src\Illuminate\Pipeline\Pipeline.php(137): Illuminate\Routing\Middleware\SubstituteBindings->handle(Object(Illuminate\Http\Request), Object(Closure))
#12 C:\xampp\htdocs\ecommerce\vendor\laravel\framework\src\Illuminate\Routing\Pipeline.php(33): Illuminate\Pipeline\Pipeline->Illuminate\Pipeline\{closure}(Object(Illuminate\Http\Request))
#13 C:\xampp\htdocs\ecommerce\vendor\laravel\framework\src\Illuminate\Foundation\Http\Middleware\VerifyCsrfToken.php(65): Illuminate\Routing\Pipeline->Illuminate\Routing\{closure}(Object(Illuminate\Http\Request))
#14 C:\xampp\htdocs\ecommerce\vendor\laravel\framework\src\Illuminate\Pipeline\Pipeline.php(137): Illuminate\Foundation\Http\Middleware\VerifyCsrfToken->handle(Object(Illuminate\Http\Request), Object(Closure))
#15 C:\xampp\htdocs\ecommerce\vendor\laravel\framework\src\Illuminate\Routing\Pipeline.php(33): Illuminate\Pipeline\Pipeline->Illuminate\Pipeline\{closure}(Object(Illuminate\Http\Request))
#16 C:\xampp\htdocs\ecommerce\vendor\laravel\framework\src\Illuminate\View\Middleware\ShareErrorsFromSession.php(49): Illuminate\Routing\Pipeline->Illuminate\Routing\{closure}(Object(Illuminate\Http\Request))
#17 C:\xampp\htdocs\ecommerce\vendor\laravel\framework\src\Illuminate\Pipeline\Pipeline.php(137): Illuminate\View\Middleware\ShareErrorsFromSession->handle(Object(Illuminate\Http\Request), Object(Closure))
#18 C:\xampp\htdocs\ecommerce\vendor\laravel\framework\src\Illuminate\Routing\Pipeline.php(33): Illuminate\Pipeline\Pipeline->Illuminate\Pipeline\{closure}(Object(Illuminate\Http\Request))
#19 C:\xampp\htdocs\ecommerce\vendor\laravel\framework\src\Illuminate\Session\Middleware\StartSession.php(64): Illuminate\Routing\Pipeline->Illuminate\Routing\{closure}(Object(Illuminate\Http\Request))
#20 C:\xampp\htdocs\ecommerce\vendor\laravel\framework\src\Illuminate\Pipeline\Pipeline.php(137): Illuminate\Session\Middleware\StartSession->handle(Object(Illuminate\Http\Request), Object(Closure))
#21 C:\xampp\htdocs\ecommerce\vendor\laravel\framework\src\Illuminate\Routing\Pipeline.php(33): Illuminate\Pipeline\Pipeline->Illuminate\Pipeline\{closure}(Object(Illuminate\Http\Request))
#22 C:\xampp\htdocs\ecommerce\vendor\laravel\framework\src\Illuminate\Cookie\Middleware\AddQueuedCookiesToResponse.php(37): Illuminate\Routing\Pipeline->Illuminate\Routing\{closure}(Object(Illuminate\Http\Request))
#23 C:\xampp\htdocs\ecommerce\vendor\laravel\framework\src\Illuminate\Pipeline\Pipeline.php(137): Illuminate\Cookie\Middleware\AddQueuedCookiesToResponse->handle(Object(Illuminate\Http\Request), Object(Closure))
#24 C:\xampp\htdocs\ecommerce\vendor\laravel\framework\src\Illuminate\Routing\Pipeline.php(33): Illuminate\Pipeline\Pipeline->Illuminate\Pipeline\{closure}(Object(Illuminate\Http\Request))
#25 C:\xampp\htdocs\ecommerce\vendor\laravel\framework\src\Illuminate\Cookie\Middleware\EncryptCookies.php(59): Illuminate\Routing\Pipeline->Illuminate\Routing\{closure}(Object(Illuminate\Http\Request))
#26 C:\xampp\htdocs\ecommerce\vendor\laravel\framework\src\Illuminate\Pipeline\Pipeline.php(137): Illuminate\Cookie\Middleware\EncryptCookies->handle(Object(Illuminate\Http\Request), Object(Closure))
#27 C:\xampp\htdocs\ecommerce\vendor\laravel\framework\src\Illuminate\Routing\Pipeline.php(33): Illuminate\Pipeline\Pipeline->Illuminate\Pipeline\{closure}(Object(Illuminate\Http\Request))
#28 C:\xampp\htdocs\ecommerce\vendor\laravel\framework\src\Illuminate\Pipeline\Pipeline.php(104): Illuminate\Routing\Pipeline->Illuminate\Routing\{closure}(Object(Illuminate\Http\Request))
#29 C:\xampp\htdocs\ecommerce\vendor\laravel\framework\src\Illuminate\Routing\Router.php(655): Illuminate\Pipeline\Pipeline->then(Object(Closure))
#30 C:\xampp\htdocs\ecommerce\vendor\laravel\framework\src\Illuminate\Routing\Router.php(629): Illuminate\Routing\Router->runRouteWithinStack(Object(Illuminate\Routing\Route), Object(Illuminate\Http\Request))
#31 C:\xampp\htdocs\ecommerce\vendor\laravel\framework\src\Illuminate\Routing\Router.php(607): Illuminate\Routing\Router->dispatchToRoute(Object(Illuminate\Http\Request))
#32 C:\xampp\htdocs\ecommerce\vendor\laravel\framework\src\Illuminate\Foundation\Http\Kernel.php(268): Illuminate\Routing\Router->dispatch(Object(Illuminate\Http\Request))
#33 C:\xampp\htdocs\ecommerce\vendor\laravel\framework\src\Illuminate\Routing\Pipeline.php(53): Illuminate\Foundation\Http\Kernel->Illuminate\Foundation\Http\{closure}(Object(Illuminate\Http\Request))
#34 C:\xampp\htdocs\ecommerce\vendor\laravel\framework\src\Illuminate\Foundation\Http\Middleware\CheckForMaintenanceMode.php(46): Illuminate\Routing\Pipeline->Illuminate\Routing\{closure}(Object(Illuminate\Http\Request))
#35 C:\xampp\htdocs\ecommerce\vendor\laravel\framework\src\Illuminate\Pipeline\Pipeline.php(137): Illuminate\Foundation\Http\Middleware\CheckForMaintenanceMode->handle(Object(Illuminate\Http\Request), Object(Closure))
#36 C:\xampp\htdocs\ecommerce\vendor\laravel\framework\src\Illuminate\Routing\Pipeline.php(33): Illuminate\Pipeline\Pipeline->Illuminate\Pipeline\{closure}(Object(Illuminate\Http\Request))
#37 C:\xampp\htdocs\ecommerce\vendor\laravel\framework\src\Illuminate\Pipeline\Pipeline.php(104): Illuminate\Routing\Pipeline->Illuminate\Routing\{closure}(Object(Illuminate\Http\Request))
#38 C:\xampp\htdocs\ecommerce\vendor\laravel\framework\src\Illuminate\Foundation\Http\Kernel.php(150): Illuminate\Pipeline\Pipeline->then(Object(Closure))
#39 C:\xampp\htdocs\ecommerce\vendor\laravel\framework\src\Illuminate\Foundation\Http\Kernel.php(117): Illuminate\Foundation\Http\Kernel->sendRequestThroughRouter(Object(Illuminate\Http\Request))
#40 C:\xampp\htdocs\ecommerce\public\index.php(53): Illuminate\Foundation\Http\Kernel->handle(Object(Illuminate\Http\Request))
#41 {main}  
[2017-04-08 22:34:07] local.ERROR: ErrorException: Use of undefined constant placeholder - assumed 'placeholder' in C:\xampp\htdocs\ecommerce\storage\framework\views\1eef8899cec0017beae85650ce56c41456e2a810.php:7
Stack trace:
#0 C:\xampp\htdocs\ecommerce\storage\framework\views\1eef8899cec0017beae85650ce56c41456e2a810.php(7): Illuminate\Foundation\Bootstrap\HandleExceptions->handleError(8, 'Use of undefine...', 'C:\\xampp\\htdocs...', 7, Array)
#1 C:\xampp\htdocs\ecommerce\vendor\laravel\framework\src\Illuminate\View\Engines\PhpEngine.php(42): include('C:\\xampp\\htdocs...')
#2 C:\xampp\htdocs\ecommerce\vendor\laravel\framework\src\Illuminate\View\Engines\CompilerEngine.php(59): Illuminate\View\Engines\PhpEngine->evaluatePath('C:\\xampp\\htdocs...', Array)
#3 C:\xampp\htdocs\ecommerce\vendor\laravel\framework\src\Illuminate\View\View.php(149): Illuminate\View\Engines\CompilerEngine->get('C:\\xampp\\htdocs...', Array)
#4 C:\xampp\htdocs\ecommerce\vendor\laravel\framework\src\Illuminate\View\View.php(120): Illuminate\View\View->getContents()
#5 C:\xampp\htdocs\ecommerce\vendor\laravel\framework\src\Illuminate\View\View.php(85): Illuminate\View\View->renderContents()
#6 C:\xampp\htdocs\ecommerce\vendor\laravel\framework\src\Illuminate\Http\Response.php(45): Illuminate\View\View->render()
#7 C:\xampp\htdocs\ecommerce\vendor\symfony\http-foundation\Response.php(201): Illuminate\Http\Response->setContent(Object(Illuminate\View\View))
#8 C:\xampp\htdocs\ecommerce\vendor\laravel\framework\src\Illuminate\Routing\Router.php(1028): Symfony\Component\HttpFoundation\Response->__construct(Object(Illuminate\View\View))
#9 C:\xampp\htdocs\ecommerce\vendor\laravel\framework\src\Illuminate\Routing\Router.php(653): Illuminate\Routing\Router->prepareResponse(Object(Illuminate\Http\Request), Object(Illuminate\View\View))
#10 C:\xampp\htdocs\ecommerce\vendor\laravel\framework\src\Illuminate\Routing\Pipeline.php(53): Illuminate\Routing\Router->Illuminate\Routing\{closure}(Object(Illuminate\Http\Request))
#11 C:\xampp\htdocs\ecommerce\vendor\laravel\framework\src\Illuminate\Routing\Middleware\SubstituteBindings.php(41): Illuminate\Routing\Pipeline->Illuminate\Routing\{closure}(Object(Illuminate\Http\Request))
#12 C:\xampp\htdocs\ecommerce\vendor\laravel\framework\src\Illuminate\Pipeline\Pipeline.php(137): Illuminate\Routing\Middleware\SubstituteBindings->handle(Object(Illuminate\Http\Request), Object(Closure))
#13 C:\xampp\htdocs\ecommerce\vendor\laravel\framework\src\Illuminate\Routing\Pipeline.php(33): Illuminate\Pipeline\Pipeline->Illuminate\Pipeline\{closure}(Object(Illuminate\Http\Request))
#14 C:\xampp\htdocs\ecommerce\vendor\laravel\framework\src\Illuminate\Foundation\Http\Middleware\VerifyCsrfToken.php(65): Illuminate\Routing\Pipeline->Illuminate\Routing\{closure}(Object(Illuminate\Http\Request))
#15 C:\xampp\htdocs\ecommerce\vendor\laravel\framework\src\Illuminate\Pipeline\Pipeline.php(137): Illuminate\Foundation\Http\Middleware\VerifyCsrfToken->handle(Object(Illuminate\Http\Request), Object(Closure))
#16 C:\xampp\htdocs\ecommerce\vendor\laravel\framework\src\Illuminate\Routing\Pipeline.php(33): Illuminate\Pipeline\Pipeline->Illuminate\Pipeline\{closure}(Object(Illuminate\Http\Request))
#17 C:\xampp\htdocs\ecommerce\vendor\laravel\framework\src\Illuminate\View\Middleware\ShareErrorsFromSession.php(49): Illuminate\Routing\Pipeline->Illuminate\Routing\{closure}(Object(Illuminate\Http\Request))
#18 C:\xampp\htdocs\ecommerce\vendor\laravel\framework\src\Illuminate\Pipeline\Pipeline.php(137): Illuminate\View\Middleware\ShareErrorsFromSession->handle(Object(Illuminate\Http\Request), Object(Closure))
#19 C:\xampp\htdocs\ecommerce\vendor\laravel\framework\src\Illuminate\Routing\Pipeline.php(33): Illuminate\Pipeline\Pipeline->Illuminate\Pipeline\{closure}(Object(Illuminate\Http\Request))
#20 C:\xampp\htdocs\ecommerce\vendor\laravel\framework\src\Illuminate\Session\Middleware\StartSession.php(64): Illuminate\Routing\Pipeline->Illuminate\Routing\{closure}(Object(Illuminate\Http\Request))
#21 C:\xampp\htdocs\ecommerce\vendor\laravel\framework\src\Illuminate\Pipeline\Pipeline.php(137): Illuminate\Session\Middleware\StartSession->handle(Object(Illuminate\Http\Request), Object(Closure))
#22 C:\xampp\htdocs\ecommerce\vendor\laravel\framework\src\Illuminate\Routing\Pipeline.php(33): Illuminate\Pipeline\Pipeline->Illuminate\Pipeline\{closure}(Object(Illuminate\Http\Request))
#23 C:\xampp\htdocs\ecommerce\vendor\laravel\framework\src\Illuminate\Cookie\Middleware\AddQueuedCookiesToResponse.php(37): Illuminate\Routing\Pipeline->Illuminate\Routing\{closure}(Object(Illuminate\Http\Request))
#24 C:\xampp\htdocs\ecommerce\vendor\laravel\framework\src\Illuminate\Pipeline\Pipeline.php(137): Illuminate\Cookie\Middleware\AddQueuedCookiesToResponse->handle(Object(Illuminate\Http\Request), Object(Closure))
#25 C:\xampp\htdocs\ecommerce\vendor\laravel\framework\src\Illuminate\Routing\Pipeline.php(33): Illuminate\Pipeline\Pipeline->Illuminate\Pipeline\{closure}(Object(Illuminate\Http\Request))
#26 C:\xampp\htdocs\ecommerce\vendor\laravel\framework\src\Illuminate\Cookie\Middleware\EncryptCookies.php(59): Illuminate\Routing\Pipeline->Illuminate\Routing\{closure}(Object(Illuminate\Http\Request))
#27 C:\xampp\htdocs\ecommerce\vendor\laravel\framework\src\Illuminate\Pipeline\Pipeline.php(137): Illuminate\Cookie\Middleware\EncryptCookies->handle(Object(Illuminate\Http\Request), Object(Closure))
#28 C:\xampp\htdocs\ecommerce\vendor\laravel\framework\src\Illuminate\Routing\Pipeline.php(33): Illuminate\Pipeline\Pipeline->Illuminate\Pipeline\{closure}(Object(Illuminate\Http\Request))
#29 C:\xampp\htdocs\ecommerce\vendor\laravel\framework\src\Illuminate\Pipeline\Pipeline.php(104): Illuminate\Routing\Pipeline->Illuminate\Routing\{closure}(Object(Illuminate\Http\Request))
#30 C:\xampp\htdocs\ecommerce\vendor\laravel\framework\src\Illuminate\Routing\Router.php(655): Illuminate\Pipeline\Pipeline->then(Object(Closure))
#31 C:\xampp\htdocs\ecommerce\vendor\laravel\framework\src\Illuminate\Routing\Router.php(629): Illuminate\Routing\Router->runRouteWithinStack(Object(Illuminate\Routing\Route), Object(Illuminate\Http\Request))
#32 C:\xampp\htdocs\ecommerce\vendor\laravel\framework\src\Illuminate\Routing\Router.php(607): Illuminate\Routing\Router->dispatchToRoute(Object(Illuminate\Http\Request))
#33 C:\xampp\htdocs\ecommerce\vendor\laravel\framework\src\Illuminate\Foundation\Http\Kernel.php(268): Illuminate\Routing\Router->dispatch(Object(Illuminate\Http\Request))
#34 C:\xampp\htdocs\ecommerce\vendor\laravel\framework\src\Illuminate\Routing\Pipeline.php(53): Illuminate\Foundation\Http\Kernel->Illuminate\Foundation\Http\{closure}(Object(Illuminate\Http\Request))
#35 C:\xampp\htdocs\ecommerce\vendor\laravel\framework\src\Illuminate\Foundation\Http\Middleware\CheckForMaintenanceMode.php(46): Illuminate\Routing\Pipeline->Illuminate\Routing\{closure}(Object(Illuminate\Http\Request))
#36 C:\xampp\htdocs\ecommerce\vendor\laravel\framework\src\Illuminate\Pipeline\Pipeline.php(137): Illuminate\Foundation\Http\Middleware\CheckForMaintenanceMode->handle(Object(Illuminate\Http\Request), Object(Closure))
#37 C:\xampp\htdocs\ecommerce\vendor\laravel\framework\src\Illuminate\Routing\Pipeline.php(33): Illuminate\Pipeline\Pipeline->Illuminate\Pipeline\{closure}(Object(Illuminate\Http\Request))
#38 C:\xampp\htdocs\ecommerce\vendor\laravel\framework\src\Illuminate\Pipeline\Pipeline.php(104): Illuminate\Routing\Pipeline->Illuminate\Routing\{closure}(Object(Illuminate\Http\Request))
#39 C:\xampp\htdocs\ecommerce\vendor\laravel\framework\src\Illuminate\Foundation\Http\Kernel.php(150): Illuminate\Pipeline\Pipeline->then(Object(Closure))
#40 C:\xampp\htdocs\ecommerce\vendor\laravel\framework\src\Illuminate\Foundation\Http\Kernel.php(117): Illuminate\Foundation\Http\Kernel->sendRequestThroughRouter(Object(Illuminate\Http\Request))
#41 C:\xampp\htdocs\ecommerce\public\index.php(53): Illuminate\Foundation\Http\Kernel->handle(Object(Illuminate\Http\Request))
#42 {main}

Next ErrorException: Use of undefined constant placeholder - assumed 'placeholder' (View: C:\xampp\htdocs\ecommerce\resources\views\products\create.blade.php) in C:\xampp\htdocs\ecommerce\storage\framework\views\1eef8899cec0017beae85650ce56c41456e2a810.php:7
Stack trace:
#0 C:\xampp\htdocs\ecommerce\vendor\laravel\framework\src\Illuminate\View\Engines\PhpEngine.php(44): Illuminate\View\Engines\CompilerEngine->handleViewException(Object(ErrorException), 1)
#1 C:\xampp\htdocs\ecommerce\vendor\laravel\framework\src\Illuminate\View\Engines\CompilerEngine.php(59): Illuminate\View\Engines\PhpEngine->evaluatePath('C:\\xampp\\htdocs...', Array)
#2 C:\xampp\htdocs\ecommerce\vendor\laravel\framework\src\Illuminate\View\View.php(149): Illuminate\View\Engines\CompilerEngine->get('C:\\xampp\\htdocs...', Array)
#3 C:\xampp\htdocs\ecommerce\vendor\laravel\framework\src\Illuminate\View\View.php(120): Illuminate\View\View->getContents()
#4 C:\xampp\htdocs\ecommerce\vendor\laravel\framework\src\Illuminate\View\View.php(85): Illuminate\View\View->renderContents()
#5 C:\xampp\htdocs\ecommerce\vendor\laravel\framework\src\Illuminate\Http\Response.php(45): Illuminate\View\View->render()
#6 C:\xampp\htdocs\ecommerce\vendor\symfony\http-foundation\Response.php(201): Illuminate\Http\Response->setContent(Object(Illuminate\View\View))
#7 C:\xampp\htdocs\ecommerce\vendor\laravel\framework\src\Illuminate\Routing\Router.php(1028): Symfony\Component\HttpFoundation\Response->__construct(Object(Illuminate\View\View))
#8 C:\xampp\htdocs\ecommerce\vendor\laravel\framework\src\Illuminate\Routing\Router.php(653): Illuminate\Routing\Router->prepareResponse(Object(Illuminate\Http\Request), Object(Illuminate\View\View))
#9 C:\xampp\htdocs\ecommerce\vendor\laravel\framework\src\Illuminate\Routing\Pipeline.php(53): Illuminate\Routing\Router->Illuminate\Routing\{closure}(Object(Illuminate\Http\Request))
#10 C:\xampp\htdocs\ecommerce\vendor\laravel\framework\src\Illuminate\Routing\Middleware\SubstituteBindings.php(41): Illuminate\Routing\Pipeline->Illuminate\Routing\{closure}(Object(Illuminate\Http\Request))
#11 C:\xampp\htdocs\ecommerce\vendor\laravel\framework\src\Illuminate\Pipeline\Pipeline.php(137): Illuminate\Routing\Middleware\SubstituteBindings->handle(Object(Illuminate\Http\Request), Object(Closure))
#12 C:\xampp\htdocs\ecommerce\vendor\laravel\framework\src\Illuminate\Routing\Pipeline.php(33): Illuminate\Pipeline\Pipeline->Illuminate\Pipeline\{closure}(Object(Illuminate\Http\Request))
#13 C:\xampp\htdocs\ecommerce\vendor\laravel\framework\src\Illuminate\Foundation\Http\Middleware\VerifyCsrfToken.php(65): Illuminate\Routing\Pipeline->Illuminate\Routing\{closure}(Object(Illuminate\Http\Request))
#14 C:\xampp\htdocs\ecommerce\vendor\laravel\framework\src\Illuminate\Pipeline\Pipeline.php(137): Illuminate\Foundation\Http\Middleware\VerifyCsrfToken->handle(Object(Illuminate\Http\Request), Object(Closure))
#15 C:\xampp\htdocs\ecommerce\vendor\laravel\framework\src\Illuminate\Routing\Pipeline.php(33): Illuminate\Pipeline\Pipeline->Illuminate\Pipeline\{closure}(Object(Illuminate\Http\Request))
#16 C:\xampp\htdocs\ecommerce\vendor\laravel\framework\src\Illuminate\View\Middleware\ShareErrorsFromSession.php(49): Illuminate\Routing\Pipeline->Illuminate\Routing\{closure}(Object(Illuminate\Http\Request))
#17 C:\xampp\htdocs\ecommerce\vendor\laravel\framework\src\Illuminate\Pipeline\Pipeline.php(137): Illuminate\View\Middleware\ShareErrorsFromSession->handle(Object(Illuminate\Http\Request), Object(Closure))
#18 C:\xampp\htdocs\ecommerce\vendor\laravel\framework\src\Illuminate\Routing\Pipeline.php(33): Illuminate\Pipeline\Pipeline->Illuminate\Pipeline\{closure}(Object(Illuminate\Http\Request))
#19 C:\xampp\htdocs\ecommerce\vendor\laravel\framework\src\Illuminate\Session\Middleware\StartSession.php(64): Illuminate\Routing\Pipeline->Illuminate\Routing\{closure}(Object(Illuminate\Http\Request))
#20 C:\xampp\htdocs\ecommerce\vendor\laravel\framework\src\Illuminate\Pipeline\Pipeline.php(137): Illuminate\Session\Middleware\StartSession->handle(Object(Illuminate\Http\Request), Object(Closure))
#21 C:\xampp\htdocs\ecommerce\vendor\laravel\framework\src\Illuminate\Routing\Pipeline.php(33): Illuminate\Pipeline\Pipeline->Illuminate\Pipeline\{closure}(Object(Illuminate\Http\Request))
#22 C:\xampp\htdocs\ecommerce\vendor\laravel\framework\src\Illuminate\Cookie\Middleware\AddQueuedCookiesToResponse.php(37): Illuminate\Routing\Pipeline->Illuminate\Routing\{closure}(Object(Illuminate\Http\Request))
#23 C:\xampp\htdocs\ecommerce\vendor\laravel\framework\src\Illuminate\Pipeline\Pipeline.php(137): Illuminate\Cookie\Middleware\AddQueuedCookiesToResponse->handle(Object(Illuminate\Http\Request), Object(Closure))
#24 C:\xampp\htdocs\ecommerce\vendor\laravel\framework\src\Illuminate\Routing\Pipeline.php(33): Illuminate\Pipeline\Pipeline->Illuminate\Pipeline\{closure}(Object(Illuminate\Http\Request))
#25 C:\xampp\htdocs\ecommerce\vendor\laravel\framework\src\Illuminate\Cookie\Middleware\EncryptCookies.php(59): Illuminate\Routing\Pipeline->Illuminate\Routing\{closure}(Object(Illuminate\Http\Request))
#26 C:\xampp\htdocs\ecommerce\vendor\laravel\framework\src\Illuminate\Pipeline\Pipeline.php(137): Illuminate\Cookie\Middleware\EncryptCookies->handle(Object(Illuminate\Http\Request), Object(Closure))
#27 C:\xampp\htdocs\ecommerce\vendor\laravel\framework\src\Illuminate\Routing\Pipeline.php(33): Illuminate\Pipeline\Pipeline->Illuminate\Pipeline\{closure}(Object(Illuminate\Http\Request))
#28 C:\xampp\htdocs\ecommerce\vendor\laravel\framework\src\Illuminate\Pipeline\Pipeline.php(104): Illuminate\Routing\Pipeline->Illuminate\Routing\{closure}(Object(Illuminate\Http\Request))
#29 C:\xampp\htdocs\ecommerce\vendor\laravel\framework\src\Illuminate\Routing\Router.php(655): Illuminate\Pipeline\Pipeline->then(Object(Closure))
#30 C:\xampp\htdocs\ecommerce\vendor\laravel\framework\src\Illuminate\Routing\Router.php(629): Illuminate\Routing\Router->runRouteWithinStack(Object(Illuminate\Routing\Route), Object(Illuminate\Http\Request))
#31 C:\xampp\htdocs\ecommerce\vendor\laravel\framework\src\Illuminate\Routing\Router.php(607): Illuminate\Routing\Router->dispatchToRoute(Object(Illuminate\Http\Request))
#32 C:\xampp\htdocs\ecommerce\vendor\laravel\framework\src\Illuminate\Foundation\Http\Kernel.php(268): Illuminate\Routing\Router->dispatch(Object(Illuminate\Http\Request))
#33 C:\xampp\htdocs\ecommerce\vendor\laravel\framework\src\Illuminate\Routing\Pipeline.php(53): Illuminate\Foundation\Http\Kernel->Illuminate\Foundation\Http\{closure}(Object(Illuminate\Http\Request))
#34 C:\xampp\htdocs\ecommerce\vendor\laravel\framework\src\Illuminate\Foundation\Http\Middleware\CheckForMaintenanceMode.php(46): Illuminate\Routing\Pipeline->Illuminate\Routing\{closure}(Object(Illuminate\Http\Request))
#35 C:\xampp\htdocs\ecommerce\vendor\laravel\framework\src\Illuminate\Pipeline\Pipeline.php(137): Illuminate\Foundation\Http\Middleware\CheckForMaintenanceMode->handle(Object(Illuminate\Http\Request), Object(Closure))
#36 C:\xampp\htdocs\ecommerce\vendor\laravel\framework\src\Illuminate\Routing\Pipeline.php(33): Illuminate\Pipeline\Pipeline->Illuminate\Pipeline\{closure}(Object(Illuminate\Http\Request))
#37 C:\xampp\htdocs\ecommerce\vendor\laravel\framework\src\Illuminate\Pipeline\Pipeline.php(104): Illuminate\Routing\Pipeline->Illuminate\Routing\{closure}(Object(Illuminate\Http\Request))
#38 C:\xampp\htdocs\ecommerce\vendor\laravel\framework\src\Illuminate\Foundation\Http\Kernel.php(150): Illuminate\Pipeline\Pipeline->then(Object(Closure))
#39 C:\xampp\htdocs\ecommerce\vendor\laravel\framework\src\Illuminate\Foundation\Http\Kernel.php(117): Illuminate\Foundation\Http\Kernel->sendRequestThroughRouter(Object(Illuminate\Http\Request))
#40 C:\xampp\htdocs\ecommerce\public\index.php(53): Illuminate\Foundation\Http\Kernel->handle(Object(Illuminate\Http\Request))
#41 {main}  
[2017-04-08 22:34:09] local.ERROR: ErrorException: Use of undefined constant placeholder - assumed 'placeholder' in C:\xampp\htdocs\ecommerce\storage\framework\views\1eef8899cec0017beae85650ce56c41456e2a810.php:7
Stack trace:
#0 C:\xampp\htdocs\ecommerce\storage\framework\views\1eef8899cec0017beae85650ce56c41456e2a810.php(7): Illuminate\Foundation\Bootstrap\HandleExceptions->handleError(8, 'Use of undefine...', 'C:\\xampp\\htdocs...', 7, Array)
#1 C:\xampp\htdocs\ecommerce\vendor\laravel\framework\src\Illuminate\View\Engines\PhpEngine.php(42): include('C:\\xampp\\htdocs...')
#2 C:\xampp\htdocs\ecommerce\vendor\laravel\framework\src\Illuminate\View\Engines\CompilerEngine.php(59): Illuminate\View\Engines\PhpEngine->evaluatePath('C:\\xampp\\htdocs...', Array)
#3 C:\xampp\htdocs\ecommerce\vendor\laravel\framework\src\Illuminate\View\View.php(149): Illuminate\View\Engines\CompilerEngine->get('C:\\xampp\\htdocs...', Array)
#4 C:\xampp\htdocs\ecommerce\vendor\laravel\framework\src\Illuminate\View\View.php(120): Illuminate\View\View->getContents()
#5 C:\xampp\htdocs\ecommerce\vendor\laravel\framework\src\Illuminate\View\View.php(85): Illuminate\View\View->renderContents()
#6 C:\xampp\htdocs\ecommerce\vendor\laravel\framework\src\Illuminate\Http\Response.php(45): Illuminate\View\View->render()
#7 C:\xampp\htdocs\ecommerce\vendor\symfony\http-foundation\Response.php(201): Illuminate\Http\Response->setContent(Object(Illuminate\View\View))
#8 C:\xampp\htdocs\ecommerce\vendor\laravel\framework\src\Illuminate\Routing\Router.php(1028): Symfony\Component\HttpFoundation\Response->__construct(Object(Illuminate\View\View))
#9 C:\xampp\htdocs\ecommerce\vendor\laravel\framework\src\Illuminate\Routing\Router.php(653): Illuminate\Routing\Router->prepareResponse(Object(Illuminate\Http\Request), Object(Illuminate\View\View))
#10 C:\xampp\htdocs\ecommerce\vendor\laravel\framework\src\Illuminate\Routing\Pipeline.php(53): Illuminate\Routing\Router->Illuminate\Routing\{closure}(Object(Illuminate\Http\Request))
#11 C:\xampp\htdocs\ecommerce\vendor\laravel\framework\src\Illuminate\Routing\Middleware\SubstituteBindings.php(41): Illuminate\Routing\Pipeline->Illuminate\Routing\{closure}(Object(Illuminate\Http\Request))
#12 C:\xampp\htdocs\ecommerce\vendor\laravel\framework\src\Illuminate\Pipeline\Pipeline.php(137): Illuminate\Routing\Middleware\SubstituteBindings->handle(Object(Illuminate\Http\Request), Object(Closure))
#13 C:\xampp\htdocs\ecommerce\vendor\laravel\framework\src\Illuminate\Routing\Pipeline.php(33): Illuminate\Pipeline\Pipeline->Illuminate\Pipeline\{closure}(Object(Illuminate\Http\Request))
#14 C:\xampp\htdocs\ecommerce\vendor\laravel\framework\src\Illuminate\Foundation\Http\Middleware\VerifyCsrfToken.php(65): Illuminate\Routing\Pipeline->Illuminate\Routing\{closure}(Object(Illuminate\Http\Request))
#15 C:\xampp\htdocs\ecommerce\vendor\laravel\framework\src\Illuminate\Pipeline\Pipeline.php(137): Illuminate\Foundation\Http\Middleware\VerifyCsrfToken->handle(Object(Illuminate\Http\Request), Object(Closure))
#16 C:\xampp\htdocs\ecommerce\vendor\laravel\framework\src\Illuminate\Routing\Pipeline.php(33): Illuminate\Pipeline\Pipeline->Illuminate\Pipeline\{closure}(Object(Illuminate\Http\Request))
#17 C:\xampp\htdocs\ecommerce\vendor\laravel\framework\src\Illuminate\View\Middleware\ShareErrorsFromSession.php(49): Illuminate\Routing\Pipeline->Illuminate\Routing\{closure}(Object(Illuminate\Http\Request))
#18 C:\xampp\htdocs\ecommerce\vendor\laravel\framework\src\Illuminate\Pipeline\Pipeline.php(137): Illuminate\View\Middleware\ShareErrorsFromSession->handle(Object(Illuminate\Http\Request), Object(Closure))
#19 C:\xampp\htdocs\ecommerce\vendor\laravel\framework\src\Illuminate\Routing\Pipeline.php(33): Illuminate\Pipeline\Pipeline->Illuminate\Pipeline\{closure}(Object(Illuminate\Http\Request))
#20 C:\xampp\htdocs\ecommerce\vendor\laravel\framework\src\Illuminate\Session\Middleware\StartSession.php(64): Illuminate\Routing\Pipeline->Illuminate\Routing\{closure}(Object(Illuminate\Http\Request))
#21 C:\xampp\htdocs\ecommerce\vendor\laravel\framework\src\Illuminate\Pipeline\Pipeline.php(137): Illuminate\Session\Middleware\StartSession->handle(Object(Illuminate\Http\Request), Object(Closure))
#22 C:\xampp\htdocs\ecommerce\vendor\laravel\framework\src\Illuminate\Routing\Pipeline.php(33): Illuminate\Pipeline\Pipeline->Illuminate\Pipeline\{closure}(Object(Illuminate\Http\Request))
#23 C:\xampp\htdocs\ecommerce\vendor\laravel\framework\src\Illuminate\Cookie\Middleware\AddQueuedCookiesToResponse.php(37): Illuminate\Routing\Pipeline->Illuminate\Routing\{closure}(Object(Illuminate\Http\Request))
#24 C:\xampp\htdocs\ecommerce\vendor\laravel\framework\src\Illuminate\Pipeline\Pipeline.php(137): Illuminate\Cookie\Middleware\AddQueuedCookiesToResponse->handle(Object(Illuminate\Http\Request), Object(Closure))
#25 C:\xampp\htdocs\ecommerce\vendor\laravel\framework\src\Illuminate\Routing\Pipeline.php(33): Illuminate\Pipeline\Pipeline->Illuminate\Pipeline\{closure}(Object(Illuminate\Http\Request))
#26 C:\xampp\htdocs\ecommerce\vendor\laravel\framework\src\Illuminate\Cookie\Middleware\EncryptCookies.php(59): Illuminate\Routing\Pipeline->Illuminate\Routing\{closure}(Object(Illuminate\Http\Request))
#27 C:\xampp\htdocs\ecommerce\vendor\laravel\framework\src\Illuminate\Pipeline\Pipeline.php(137): Illuminate\Cookie\Middleware\EncryptCookies->handle(Object(Illuminate\Http\Request), Object(Closure))
#28 C:\xampp\htdocs\ecommerce\vendor\laravel\framework\src\Illuminate\Routing\Pipeline.php(33): Illuminate\Pipeline\Pipeline->Illuminate\Pipeline\{closure}(Object(Illuminate\Http\Request))
#29 C:\xampp\htdocs\ecommerce\vendor\laravel\framework\src\Illuminate\Pipeline\Pipeline.php(104): Illuminate\Routing\Pipeline->Illuminate\Routing\{closure}(Object(Illuminate\Http\Request))
#30 C:\xampp\htdocs\ecommerce\vendor\laravel\framework\src\Illuminate\Routing\Router.php(655): Illuminate\Pipeline\Pipeline->then(Object(Closure))
#31 C:\xampp\htdocs\ecommerce\vendor\laravel\framework\src\Illuminate\Routing\Router.php(629): Illuminate\Routing\Router->runRouteWithinStack(Object(Illuminate\Routing\Route), Object(Illuminate\Http\Request))
#32 C:\xampp\htdocs\ecommerce\vendor\laravel\framework\src\Illuminate\Routing\Router.php(607): Illuminate\Routing\Router->dispatchToRoute(Object(Illuminate\Http\Request))
#33 C:\xampp\htdocs\ecommerce\vendor\laravel\framework\src\Illuminate\Foundation\Http\Kernel.php(268): Illuminate\Routing\Router->dispatch(Object(Illuminate\Http\Request))
#34 C:\xampp\htdocs\ecommerce\vendor\laravel\framework\src\Illuminate\Routing\Pipeline.php(53): Illuminate\Foundation\Http\Kernel->Illuminate\Foundation\Http\{closure}(Object(Illuminate\Http\Request))
#35 C:\xampp\htdocs\ecommerce\vendor\laravel\framework\src\Illuminate\Foundation\Http\Middleware\CheckForMaintenanceMode.php(46): Illuminate\Routing\Pipeline->Illuminate\Routing\{closure}(Object(Illuminate\Http\Request))
#36 C:\xampp\htdocs\ecommerce\vendor\laravel\framework\src\Illuminate\Pipeline\Pipeline.php(137): Illuminate\Foundation\Http\Middleware\CheckForMaintenanceMode->handle(Object(Illuminate\Http\Request), Object(Closure))
#37 C:\xampp\htdocs\ecommerce\vendor\laravel\framework\src\Illuminate\Routing\Pipeline.php(33): Illuminate\Pipeline\Pipeline->Illuminate\Pipeline\{closure}(Object(Illuminate\Http\Request))
#38 C:\xampp\htdocs\ecommerce\vendor\laravel\framework\src\Illuminate\Pipeline\Pipeline.php(104): Illuminate\Routing\Pipeline->Illuminate\Routing\{closure}(Object(Illuminate\Http\Request))
#39 C:\xampp\htdocs\ecommerce\vendor\laravel\framework\src\Illuminate\Foundation\Http\Kernel.php(150): Illuminate\Pipeline\Pipeline->then(Object(Closure))
#40 C:\xampp\htdocs\ecommerce\vendor\laravel\framework\src\Illuminate\Foundation\Http\Kernel.php(117): Illuminate\Foundation\Http\Kernel->sendRequestThroughRouter(Object(Illuminate\Http\Request))
#41 C:\xampp\htdocs\ecommerce\public\index.php(53): Illuminate\Foundation\Http\Kernel->handle(Object(Illuminate\Http\Request))
#42 {main}

Next ErrorException: Use of undefined constant placeholder - assumed 'placeholder' (View: C:\xampp\htdocs\ecommerce\resources\views\products\create.blade.php) in C:\xampp\htdocs\ecommerce\storage\framework\views\1eef8899cec0017beae85650ce56c41456e2a810.php:7
Stack trace:
#0 C:\xampp\htdocs\ecommerce\vendor\laravel\framework\src\Illuminate\View\Engines\PhpEngine.php(44): Illuminate\View\Engines\CompilerEngine->handleViewException(Object(ErrorException), 1)
#1 C:\xampp\htdocs\ecommerce\vendor\laravel\framework\src\Illuminate\View\Engines\CompilerEngine.php(59): Illuminate\View\Engines\PhpEngine->evaluatePath('C:\\xampp\\htdocs...', Array)
#2 C:\xampp\htdocs\ecommerce\vendor\laravel\framework\src\Illuminate\View\View.php(149): Illuminate\View\Engines\CompilerEngine->get('C:\\xampp\\htdocs...', Array)
#3 C:\xampp\htdocs\ecommerce\vendor\laravel\framework\src\Illuminate\View\View.php(120): Illuminate\View\View->getContents()
#4 C:\xampp\htdocs\ecommerce\vendor\laravel\framework\src\Illuminate\View\View.php(85): Illuminate\View\View->renderContents()
#5 C:\xampp\htdocs\ecommerce\vendor\laravel\framework\src\Illuminate\Http\Response.php(45): Illuminate\View\View->render()
#6 C:\xampp\htdocs\ecommerce\vendor\symfony\http-foundation\Response.php(201): Illuminate\Http\Response->setContent(Object(Illuminate\View\View))
#7 C:\xampp\htdocs\ecommerce\vendor\laravel\framework\src\Illuminate\Routing\Router.php(1028): Symfony\Component\HttpFoundation\Response->__construct(Object(Illuminate\View\View))
#8 C:\xampp\htdocs\ecommerce\vendor\laravel\framework\src\Illuminate\Routing\Router.php(653): Illuminate\Routing\Router->prepareResponse(Object(Illuminate\Http\Request), Object(Illuminate\View\View))
#9 C:\xampp\htdocs\ecommerce\vendor\laravel\framework\src\Illuminate\Routing\Pipeline.php(53): Illuminate\Routing\Router->Illuminate\Routing\{closure}(Object(Illuminate\Http\Request))
#10 C:\xampp\htdocs\ecommerce\vendor\laravel\framework\src\Illuminate\Routing\Middleware\SubstituteBindings.php(41): Illuminate\Routing\Pipeline->Illuminate\Routing\{closure}(Object(Illuminate\Http\Request))
#11 C:\xampp\htdocs\ecommerce\vendor\laravel\framework\src\Illuminate\Pipeline\Pipeline.php(137): Illuminate\Routing\Middleware\SubstituteBindings->handle(Object(Illuminate\Http\Request), Object(Closure))
#12 C:\xampp\htdocs\ecommerce\vendor\laravel\framework\src\Illuminate\Routing\Pipeline.php(33): Illuminate\Pipeline\Pipeline->Illuminate\Pipeline\{closure}(Object(Illuminate\Http\Request))
#13 C:\xampp\htdocs\ecommerce\vendor\laravel\framework\src\Illuminate\Foundation\Http\Middleware\VerifyCsrfToken.php(65): Illuminate\Routing\Pipeline->Illuminate\Routing\{closure}(Object(Illuminate\Http\Request))
#14 C:\xampp\htdocs\ecommerce\vendor\laravel\framework\src\Illuminate\Pipeline\Pipeline.php(137): Illuminate\Foundation\Http\Middleware\VerifyCsrfToken->handle(Object(Illuminate\Http\Request), Object(Closure))
#15 C:\xampp\htdocs\ecommerce\vendor\laravel\framework\src\Illuminate\Routing\Pipeline.php(33): Illuminate\Pipeline\Pipeline->Illuminate\Pipeline\{closure}(Object(Illuminate\Http\Request))
#16 C:\xampp\htdocs\ecommerce\vendor\laravel\framework\src\Illuminate\View\Middleware\ShareErrorsFromSession.php(49): Illuminate\Routing\Pipeline->Illuminate\Routing\{closure}(Object(Illuminate\Http\Request))
#17 C:\xampp\htdocs\ecommerce\vendor\laravel\framework\src\Illuminate\Pipeline\Pipeline.php(137): Illuminate\View\Middleware\ShareErrorsFromSession->handle(Object(Illuminate\Http\Request), Object(Closure))
#18 C:\xampp\htdocs\ecommerce\vendor\laravel\framework\src\Illuminate\Routing\Pipeline.php(33): Illuminate\Pipeline\Pipeline->Illuminate\Pipeline\{closure}(Object(Illuminate\Http\Request))
#19 C:\xampp\htdocs\ecommerce\vendor\laravel\framework\src\Illuminate\Session\Middleware\StartSession.php(64): Illuminate\Routing\Pipeline->Illuminate\Routing\{closure}(Object(Illuminate\Http\Request))
#20 C:\xampp\htdocs\ecommerce\vendor\laravel\framework\src\Illuminate\Pipeline\Pipeline.php(137): Illuminate\Session\Middleware\StartSession->handle(Object(Illuminate\Http\Request), Object(Closure))
#21 C:\xampp\htdocs\ecommerce\vendor\laravel\framework\src\Illuminate\Routing\Pipeline.php(33): Illuminate\Pipeline\Pipeline->Illuminate\Pipeline\{closure}(Object(Illuminate\Http\Request))
#22 C:\xampp\htdocs\ecommerce\vendor\laravel\framework\src\Illuminate\Cookie\Middleware\AddQueuedCookiesToResponse.php(37): Illuminate\Routing\Pipeline->Illuminate\Routing\{closure}(Object(Illuminate\Http\Request))
#23 C:\xampp\htdocs\ecommerce\vendor\laravel\framework\src\Illuminate\Pipeline\Pipeline.php(137): Illuminate\Cookie\Middleware\AddQueuedCookiesToResponse->handle(Object(Illuminate\Http\Request), Object(Closure))
#24 C:\xampp\htdocs\ecommerce\vendor\laravel\framework\src\Illuminate\Routing\Pipeline.php(33): Illuminate\Pipeline\Pipeline->Illuminate\Pipeline\{closure}(Object(Illuminate\Http\Request))
#25 C:\xampp\htdocs\ecommerce\vendor\laravel\framework\src\Illuminate\Cookie\Middleware\EncryptCookies.php(59): Illuminate\Routing\Pipeline->Illuminate\Routing\{closure}(Object(Illuminate\Http\Request))
#26 C:\xampp\htdocs\ecommerce\vendor\laravel\framework\src\Illuminate\Pipeline\Pipeline.php(137): Illuminate\Cookie\Middleware\EncryptCookies->handle(Object(Illuminate\Http\Request), Object(Closure))
#27 C:\xampp\htdocs\ecommerce\vendor\laravel\framework\src\Illuminate\Routing\Pipeline.php(33): Illuminate\Pipeline\Pipeline->Illuminate\Pipeline\{closure}(Object(Illuminate\Http\Request))
#28 C:\xampp\htdocs\ecommerce\vendor\laravel\framework\src\Illuminate\Pipeline\Pipeline.php(104): Illuminate\Routing\Pipeline->Illuminate\Routing\{closure}(Object(Illuminate\Http\Request))
#29 C:\xampp\htdocs\ecommerce\vendor\laravel\framework\src\Illuminate\Routing\Router.php(655): Illuminate\Pipeline\Pipeline->then(Object(Closure))
#30 C:\xampp\htdocs\ecommerce\vendor\laravel\framework\src\Illuminate\Routing\Router.php(629): Illuminate\Routing\Router->runRouteWithinStack(Object(Illuminate\Routing\Route), Object(Illuminate\Http\Request))
#31 C:\xampp\htdocs\ecommerce\vendor\laravel\framework\src\Illuminate\Routing\Router.php(607): Illuminate\Routing\Router->dispatchToRoute(Object(Illuminate\Http\Request))
#32 C:\xampp\htdocs\ecommerce\vendor\laravel\framework\src\Illuminate\Foundation\Http\Kernel.php(268): Illuminate\Routing\Router->dispatch(Object(Illuminate\Http\Request))
#33 C:\xampp\htdocs\ecommerce\vendor\laravel\framework\src\Illuminate\Routing\Pipeline.php(53): Illuminate\Foundation\Http\Kernel->Illuminate\Foundation\Http\{closure}(Object(Illuminate\Http\Request))
#34 C:\xampp\htdocs\ecommerce\vendor\laravel\framework\src\Illuminate\Foundation\Http\Middleware\CheckForMaintenanceMode.php(46): Illuminate\Routing\Pipeline->Illuminate\Routing\{closure}(Object(Illuminate\Http\Request))
#35 C:\xampp\htdocs\ecommerce\vendor\laravel\framework\src\Illuminate\Pipeline\Pipeline.php(137): Illuminate\Foundation\Http\Middleware\CheckForMaintenanceMode->handle(Object(Illuminate\Http\Request), Object(Closure))
#36 C:\xampp\htdocs\ecommerce\vendor\laravel\framework\src\Illuminate\Routing\Pipeline.php(33): Illuminate\Pipeline\Pipeline->Illuminate\Pipeline\{closure}(Object(Illuminate\Http\Request))
#37 C:\xampp\htdocs\ecommerce\vendor\laravel\framework\src\Illuminate\Pipeline\Pipeline.php(104): Illuminate\Routing\Pipeline->Illuminate\Routing\{closure}(Object(Illuminate\Http\Request))
#38 C:\xampp\htdocs\ecommerce\vendor\laravel\framework\src\Illuminate\Foundation\Http\Kernel.php(150): Illuminate\Pipeline\Pipeline->then(Object(Closure))
#39 C:\xampp\htdocs\ecommerce\vendor\laravel\framework\src\Illuminate\Foundation\Http\Kernel.php(117): Illuminate\Foundation\Http\Kernel->sendRequestThroughRouter(Object(Illuminate\Http\Request))
#40 C:\xampp\htdocs\ecommerce\public\index.php(53): Illuminate\Foundation\Http\Kernel->handle(Object(Illuminate\Http\Request))
#41 {main}  
[2017-04-08 22:34:40] local.ERROR: ErrorException: Use of undefined constant placeholder - assumed 'placeholder' in C:\xampp\htdocs\ecommerce\storage\framework\views\1eef8899cec0017beae85650ce56c41456e2a810.php:8
Stack trace:
#0 C:\xampp\htdocs\ecommerce\storage\framework\views\1eef8899cec0017beae85650ce56c41456e2a810.php(8): Illuminate\Foundation\Bootstrap\HandleExceptions->handleError(8, 'Use of undefine...', 'C:\\xampp\\htdocs...', 8, Array)
#1 C:\xampp\htdocs\ecommerce\vendor\laravel\framework\src\Illuminate\View\Engines\PhpEngine.php(42): include('C:\\xampp\\htdocs...')
#2 C:\xampp\htdocs\ecommerce\vendor\laravel\framework\src\Illuminate\View\Engines\CompilerEngine.php(59): Illuminate\View\Engines\PhpEngine->evaluatePath('C:\\xampp\\htdocs...', Array)
#3 C:\xampp\htdocs\ecommerce\vendor\laravel\framework\src\Illuminate\View\View.php(149): Illuminate\View\Engines\CompilerEngine->get('C:\\xampp\\htdocs...', Array)
#4 C:\xampp\htdocs\ecommerce\vendor\laravel\framework\src\Illuminate\View\View.php(120): Illuminate\View\View->getContents()
#5 C:\xampp\htdocs\ecommerce\vendor\laravel\framework\src\Illuminate\View\View.php(85): Illuminate\View\View->renderContents()
#6 C:\xampp\htdocs\ecommerce\vendor\laravel\framework\src\Illuminate\Http\Response.php(45): Illuminate\View\View->render()
#7 C:\xampp\htdocs\ecommerce\vendor\symfony\http-foundation\Response.php(201): Illuminate\Http\Response->setContent(Object(Illuminate\View\View))
#8 C:\xampp\htdocs\ecommerce\vendor\laravel\framework\src\Illuminate\Routing\Router.php(1028): Symfony\Component\HttpFoundation\Response->__construct(Object(Illuminate\View\View))
#9 C:\xampp\htdocs\ecommerce\vendor\laravel\framework\src\Illuminate\Routing\Router.php(653): Illuminate\Routing\Router->prepareResponse(Object(Illuminate\Http\Request), Object(Illuminate\View\View))
#10 C:\xampp\htdocs\ecommerce\vendor\laravel\framework\src\Illuminate\Routing\Pipeline.php(53): Illuminate\Routing\Router->Illuminate\Routing\{closure}(Object(Illuminate\Http\Request))
#11 C:\xampp\htdocs\ecommerce\vendor\laravel\framework\src\Illuminate\Routing\Middleware\SubstituteBindings.php(41): Illuminate\Routing\Pipeline->Illuminate\Routing\{closure}(Object(Illuminate\Http\Request))
#12 C:\xampp\htdocs\ecommerce\vendor\laravel\framework\src\Illuminate\Pipeline\Pipeline.php(137): Illuminate\Routing\Middleware\SubstituteBindings->handle(Object(Illuminate\Http\Request), Object(Closure))
#13 C:\xampp\htdocs\ecommerce\vendor\laravel\framework\src\Illuminate\Routing\Pipeline.php(33): Illuminate\Pipeline\Pipeline->Illuminate\Pipeline\{closure}(Object(Illuminate\Http\Request))
#14 C:\xampp\htdocs\ecommerce\vendor\laravel\framework\src\Illuminate\Foundation\Http\Middleware\VerifyCsrfToken.php(65): Illuminate\Routing\Pipeline->Illuminate\Routing\{closure}(Object(Illuminate\Http\Request))
#15 C:\xampp\htdocs\ecommerce\vendor\laravel\framework\src\Illuminate\Pipeline\Pipeline.php(137): Illuminate\Foundation\Http\Middleware\VerifyCsrfToken->handle(Object(Illuminate\Http\Request), Object(Closure))
#16 C:\xampp\htdocs\ecommerce\vendor\laravel\framework\src\Illuminate\Routing\Pipeline.php(33): Illuminate\Pipeline\Pipeline->Illuminate\Pipeline\{closure}(Object(Illuminate\Http\Request))
#17 C:\xampp\htdocs\ecommerce\vendor\laravel\framework\src\Illuminate\View\Middleware\ShareErrorsFromSession.php(49): Illuminate\Routing\Pipeline->Illuminate\Routing\{closure}(Object(Illuminate\Http\Request))
#18 C:\xampp\htdocs\ecommerce\vendor\laravel\framework\src\Illuminate\Pipeline\Pipeline.php(137): Illuminate\View\Middleware\ShareErrorsFromSession->handle(Object(Illuminate\Http\Request), Object(Closure))
#19 C:\xampp\htdocs\ecommerce\vendor\laravel\framework\src\Illuminate\Routing\Pipeline.php(33): Illuminate\Pipeline\Pipeline->Illuminate\Pipeline\{closure}(Object(Illuminate\Http\Request))
#20 C:\xampp\htdocs\ecommerce\vendor\laravel\framework\src\Illuminate\Session\Middleware\StartSession.php(64): Illuminate\Routing\Pipeline->Illuminate\Routing\{closure}(Object(Illuminate\Http\Request))
#21 C:\xampp\htdocs\ecommerce\vendor\laravel\framework\src\Illuminate\Pipeline\Pipeline.php(137): Illuminate\Session\Middleware\StartSession->handle(Object(Illuminate\Http\Request), Object(Closure))
#22 C:\xampp\htdocs\ecommerce\vendor\laravel\framework\src\Illuminate\Routing\Pipeline.php(33): Illuminate\Pipeline\Pipeline->Illuminate\Pipeline\{closure}(Object(Illuminate\Http\Request))
#23 C:\xampp\htdocs\ecommerce\vendor\laravel\framework\src\Illuminate\Cookie\Middleware\AddQueuedCookiesToResponse.php(37): Illuminate\Routing\Pipeline->Illuminate\Routing\{closure}(Object(Illuminate\Http\Request))
#24 C:\xampp\htdocs\ecommerce\vendor\laravel\framework\src\Illuminate\Pipeline\Pipeline.php(137): Illuminate\Cookie\Middleware\AddQueuedCookiesToResponse->handle(Object(Illuminate\Http\Request), Object(Closure))
#25 C:\xampp\htdocs\ecommerce\vendor\laravel\framework\src\Illuminate\Routing\Pipeline.php(33): Illuminate\Pipeline\Pipeline->Illuminate\Pipeline\{closure}(Object(Illuminate\Http\Request))
#26 C:\xampp\htdocs\ecommerce\vendor\laravel\framework\src\Illuminate\Cookie\Middleware\EncryptCookies.php(59): Illuminate\Routing\Pipeline->Illuminate\Routing\{closure}(Object(Illuminate\Http\Request))
#27 C:\xampp\htdocs\ecommerce\vendor\laravel\framework\src\Illuminate\Pipeline\Pipeline.php(137): Illuminate\Cookie\Middleware\EncryptCookies->handle(Object(Illuminate\Http\Request), Object(Closure))
#28 C:\xampp\htdocs\ecommerce\vendor\laravel\framework\src\Illuminate\Routing\Pipeline.php(33): Illuminate\Pipeline\Pipeline->Illuminate\Pipeline\{closure}(Object(Illuminate\Http\Request))
#29 C:\xampp\htdocs\ecommerce\vendor\laravel\framework\src\Illuminate\Pipeline\Pipeline.php(104): Illuminate\Routing\Pipeline->Illuminate\Routing\{closure}(Object(Illuminate\Http\Request))
#30 C:\xampp\htdocs\ecommerce\vendor\laravel\framework\src\Illuminate\Routing\Router.php(655): Illuminate\Pipeline\Pipeline->then(Object(Closure))
#31 C:\xampp\htdocs\ecommerce\vendor\laravel\framework\src\Illuminate\Routing\Router.php(629): Illuminate\Routing\Router->runRouteWithinStack(Object(Illuminate\Routing\Route), Object(Illuminate\Http\Request))
#32 C:\xampp\htdocs\ecommerce\vendor\laravel\framework\src\Illuminate\Routing\Router.php(607): Illuminate\Routing\Router->dispatchToRoute(Object(Illuminate\Http\Request))
#33 C:\xampp\htdocs\ecommerce\vendor\laravel\framework\src\Illuminate\Foundation\Http\Kernel.php(268): Illuminate\Routing\Router->dispatch(Object(Illuminate\Http\Request))
#34 C:\xampp\htdocs\ecommerce\vendor\laravel\framework\src\Illuminate\Routing\Pipeline.php(53): Illuminate\Foundation\Http\Kernel->Illuminate\Foundation\Http\{closure}(Object(Illuminate\Http\Request))
#35 C:\xampp\htdocs\ecommerce\vendor\laravel\framework\src\Illuminate\Foundation\Http\Middleware\CheckForMaintenanceMode.php(46): Illuminate\Routing\Pipeline->Illuminate\Routing\{closure}(Object(Illuminate\Http\Request))
#36 C:\xampp\htdocs\ecommerce\vendor\laravel\framework\src\Illuminate\Pipeline\Pipeline.php(137): Illuminate\Foundation\Http\Middleware\CheckForMaintenanceMode->handle(Object(Illuminate\Http\Request), Object(Closure))
#37 C:\xampp\htdocs\ecommerce\vendor\laravel\framework\src\Illuminate\Routing\Pipeline.php(33): Illuminate\Pipeline\Pipeline->Illuminate\Pipeline\{closure}(Object(Illuminate\Http\Request))
#38 C:\xampp\htdocs\ecommerce\vendor\laravel\framework\src\Illuminate\Pipeline\Pipeline.php(104): Illuminate\Routing\Pipeline->Illuminate\Routing\{closure}(Object(Illuminate\Http\Request))
#39 C:\xampp\htdocs\ecommerce\vendor\laravel\framework\src\Illuminate\Foundation\Http\Kernel.php(150): Illuminate\Pipeline\Pipeline->then(Object(Closure))
#40 C:\xampp\htdocs\ecommerce\vendor\laravel\framework\src\Illuminate\Foundation\Http\Kernel.php(117): Illuminate\Foundation\Http\Kernel->sendRequestThroughRouter(Object(Illuminate\Http\Request))
#41 C:\xampp\htdocs\ecommerce\public\index.php(53): Illuminate\Foundation\Http\Kernel->handle(Object(Illuminate\Http\Request))
#42 {main}

Next ErrorException: Use of undefined constant placeholder - assumed 'placeholder' (View: C:\xampp\htdocs\ecommerce\resources\views\products\create.blade.php) in C:\xampp\htdocs\ecommerce\storage\framework\views\1eef8899cec0017beae85650ce56c41456e2a810.php:8
Stack trace:
#0 C:\xampp\htdocs\ecommerce\vendor\laravel\framework\src\Illuminate\View\Engines\PhpEngine.php(44): Illuminate\View\Engines\CompilerEngine->handleViewException(Object(ErrorException), 1)
#1 C:\xampp\htdocs\ecommerce\vendor\laravel\framework\src\Illuminate\View\Engines\CompilerEngine.php(59): Illuminate\View\Engines\PhpEngine->evaluatePath('C:\\xampp\\htdocs...', Array)
#2 C:\xampp\htdocs\ecommerce\vendor\laravel\framework\src\Illuminate\View\View.php(149): Illuminate\View\Engines\CompilerEngine->get('C:\\xampp\\htdocs...', Array)
#3 C:\xampp\htdocs\ecommerce\vendor\laravel\framework\src\Illuminate\View\View.php(120): Illuminate\View\View->getContents()
#4 C:\xampp\htdocs\ecommerce\vendor\laravel\framework\src\Illuminate\View\View.php(85): Illuminate\View\View->renderContents()
#5 C:\xampp\htdocs\ecommerce\vendor\laravel\framework\src\Illuminate\Http\Response.php(45): Illuminate\View\View->render()
#6 C:\xampp\htdocs\ecommerce\vendor\symfony\http-foundation\Response.php(201): Illuminate\Http\Response->setContent(Object(Illuminate\View\View))
#7 C:\xampp\htdocs\ecommerce\vendor\laravel\framework\src\Illuminate\Routing\Router.php(1028): Symfony\Component\HttpFoundation\Response->__construct(Object(Illuminate\View\View))
#8 C:\xampp\htdocs\ecommerce\vendor\laravel\framework\src\Illuminate\Routing\Router.php(653): Illuminate\Routing\Router->prepareResponse(Object(Illuminate\Http\Request), Object(Illuminate\View\View))
#9 C:\xampp\htdocs\ecommerce\vendor\laravel\framework\src\Illuminate\Routing\Pipeline.php(53): Illuminate\Routing\Router->Illuminate\Routing\{closure}(Object(Illuminate\Http\Request))
#10 C:\xampp\htdocs\ecommerce\vendor\laravel\framework\src\Illuminate\Routing\Middleware\SubstituteBindings.php(41): Illuminate\Routing\Pipeline->Illuminate\Routing\{closure}(Object(Illuminate\Http\Request))
#11 C:\xampp\htdocs\ecommerce\vendor\laravel\framework\src\Illuminate\Pipeline\Pipeline.php(137): Illuminate\Routing\Middleware\SubstituteBindings->handle(Object(Illuminate\Http\Request), Object(Closure))
#12 C:\xampp\htdocs\ecommerce\vendor\laravel\framework\src\Illuminate\Routing\Pipeline.php(33): Illuminate\Pipeline\Pipeline->Illuminate\Pipeline\{closure}(Object(Illuminate\Http\Request))
#13 C:\xampp\htdocs\ecommerce\vendor\laravel\framework\src\Illuminate\Foundation\Http\Middleware\VerifyCsrfToken.php(65): Illuminate\Routing\Pipeline->Illuminate\Routing\{closure}(Object(Illuminate\Http\Request))
#14 C:\xampp\htdocs\ecommerce\vendor\laravel\framework\src\Illuminate\Pipeline\Pipeline.php(137): Illuminate\Foundation\Http\Middleware\VerifyCsrfToken->handle(Object(Illuminate\Http\Request), Object(Closure))
#15 C:\xampp\htdocs\ecommerce\vendor\laravel\framework\src\Illuminate\Routing\Pipeline.php(33): Illuminate\Pipeline\Pipeline->Illuminate\Pipeline\{closure}(Object(Illuminate\Http\Request))
#16 C:\xampp\htdocs\ecommerce\vendor\laravel\framework\src\Illuminate\View\Middleware\ShareErrorsFromSession.php(49): Illuminate\Routing\Pipeline->Illuminate\Routing\{closure}(Object(Illuminate\Http\Request))
#17 C:\xampp\htdocs\ecommerce\vendor\laravel\framework\src\Illuminate\Pipeline\Pipeline.php(137): Illuminate\View\Middleware\ShareErrorsFromSession->handle(Object(Illuminate\Http\Request), Object(Closure))
#18 C:\xampp\htdocs\ecommerce\vendor\laravel\framework\src\Illuminate\Routing\Pipeline.php(33): Illuminate\Pipeline\Pipeline->Illuminate\Pipeline\{closure}(Object(Illuminate\Http\Request))
#19 C:\xampp\htdocs\ecommerce\vendor\laravel\framework\src\Illuminate\Session\Middleware\StartSession.php(64): Illuminate\Routing\Pipeline->Illuminate\Routing\{closure}(Object(Illuminate\Http\Request))
#20 C:\xampp\htdocs\ecommerce\vendor\laravel\framework\src\Illuminate\Pipeline\Pipeline.php(137): Illuminate\Session\Middleware\StartSession->handle(Object(Illuminate\Http\Request), Object(Closure))
#21 C:\xampp\htdocs\ecommerce\vendor\laravel\framework\src\Illuminate\Routing\Pipeline.php(33): Illuminate\Pipeline\Pipeline->Illuminate\Pipeline\{closure}(Object(Illuminate\Http\Request))
#22 C:\xampp\htdocs\ecommerce\vendor\laravel\framework\src\Illuminate\Cookie\Middleware\AddQueuedCookiesToResponse.php(37): Illuminate\Routing\Pipeline->Illuminate\Routing\{closure}(Object(Illuminate\Http\Request))
#23 C:\xampp\htdocs\ecommerce\vendor\laravel\framework\src\Illuminate\Pipeline\Pipeline.php(137): Illuminate\Cookie\Middleware\AddQueuedCookiesToResponse->handle(Object(Illuminate\Http\Request), Object(Closure))
#24 C:\xampp\htdocs\ecommerce\vendor\laravel\framework\src\Illuminate\Routing\Pipeline.php(33): Illuminate\Pipeline\Pipeline->Illuminate\Pipeline\{closure}(Object(Illuminate\Http\Request))
#25 C:\xampp\htdocs\ecommerce\vendor\laravel\framework\src\Illuminate\Cookie\Middleware\EncryptCookies.php(59): Illuminate\Routing\Pipeline->Illuminate\Routing\{closure}(Object(Illuminate\Http\Request))
#26 C:\xampp\htdocs\ecommerce\vendor\laravel\framework\src\Illuminate\Pipeline\Pipeline.php(137): Illuminate\Cookie\Middleware\EncryptCookies->handle(Object(Illuminate\Http\Request), Object(Closure))
#27 C:\xampp\htdocs\ecommerce\vendor\laravel\framework\src\Illuminate\Routing\Pipeline.php(33): Illuminate\Pipeline\Pipeline->Illuminate\Pipeline\{closure}(Object(Illuminate\Http\Request))
#28 C:\xampp\htdocs\ecommerce\vendor\laravel\framework\src\Illuminate\Pipeline\Pipeline.php(104): Illuminate\Routing\Pipeline->Illuminate\Routing\{closure}(Object(Illuminate\Http\Request))
#29 C:\xampp\htdocs\ecommerce\vendor\laravel\framework\src\Illuminate\Routing\Router.php(655): Illuminate\Pipeline\Pipeline->then(Object(Closure))
#30 C:\xampp\htdocs\ecommerce\vendor\laravel\framework\src\Illuminate\Routing\Router.php(629): Illuminate\Routing\Router->runRouteWithinStack(Object(Illuminate\Routing\Route), Object(Illuminate\Http\Request))
#31 C:\xampp\htdocs\ecommerce\vendor\laravel\framework\src\Illuminate\Routing\Router.php(607): Illuminate\Routing\Router->dispatchToRoute(Object(Illuminate\Http\Request))
#32 C:\xampp\htdocs\ecommerce\vendor\laravel\framework\src\Illuminate\Foundation\Http\Kernel.php(268): Illuminate\Routing\Router->dispatch(Object(Illuminate\Http\Request))
#33 C:\xampp\htdocs\ecommerce\vendor\laravel\framework\src\Illuminate\Routing\Pipeline.php(53): Illuminate\Foundation\Http\Kernel->Illuminate\Foundation\Http\{closure}(Object(Illuminate\Http\Request))
#34 C:\xampp\htdocs\ecommerce\vendor\laravel\framework\src\Illuminate\Foundation\Http\Middleware\CheckForMaintenanceMode.php(46): Illuminate\Routing\Pipeline->Illuminate\Routing\{closure}(Object(Illuminate\Http\Request))
#35 C:\xampp\htdocs\ecommerce\vendor\laravel\framework\src\Illuminate\Pipeline\Pipeline.php(137): Illuminate\Foundation\Http\Middleware\CheckForMaintenanceMode->handle(Object(Illuminate\Http\Request), Object(Closure))
#36 C:\xampp\htdocs\ecommerce\vendor\laravel\framework\src\Illuminate\Routing\Pipeline.php(33): Illuminate\Pipeline\Pipeline->Illuminate\Pipeline\{closure}(Object(Illuminate\Http\Request))
#37 C:\xampp\htdocs\ecommerce\vendor\laravel\framework\src\Illuminate\Pipeline\Pipeline.php(104): Illuminate\Routing\Pipeline->Illuminate\Routing\{closure}(Object(Illuminate\Http\Request))
#38 C:\xampp\htdocs\ecommerce\vendor\laravel\framework\src\Illuminate\Foundation\Http\Kernel.php(150): Illuminate\Pipeline\Pipeline->then(Object(Closure))
#39 C:\xampp\htdocs\ecommerce\vendor\laravel\framework\src\Illuminate\Foundation\Http\Kernel.php(117): Illuminate\Foundation\Http\Kernel->sendRequestThroughRouter(Object(Illuminate\Http\Request))
#40 C:\xampp\htdocs\ecommerce\public\index.php(53): Illuminate\Foundation\Http\Kernel->handle(Object(Illuminate\Http\Request))
#41 {main}  
